Start build using -DUNIV_NVDIMM_CACHE
CMake Deprecation Warning at CMakeLists.txt:23 (CMAKE_MINIMUM_REQUIRED):
  Compatibility with CMake < 2.8.12 will be removed from a future version of
  CMake.

  Update the VERSION argument <min> value or use a ...<max> suffix to tell
  CMake that the project does not need compatibility with older versions.


CMake Deprecation Warning at CMakeLists.txt:28 (CMAKE_POLICY):
  The OLD behavior for policy CMP0018 will be removed from a future version
  of CMake.

  The cmake-policies(7) manual explains that the OLD behaviors of all
  policies are deprecated and that a policy should be set to OLD only under
  specific short-term circumstances.  Projects should be ported to the NEW
  behavior and not rely on setting a policy to OLD.


CMake Deprecation Warning at CMakeLists.txt:34 (CMAKE_POLICY):
  The OLD behavior for policy CMP0022 will be removed from a future version
  of CMake.

  The cmake-policies(7) manual explains that the OLD behaviors of all
  policies are deprecated and that a policy should be set to OLD only under
  specific short-term circumstances.  Projects should be ported to the NEW
  behavior and not rely on setting a policy to OLD.


CMake Deprecation Warning at CMakeLists.txt:41 (CMAKE_POLICY):
  The OLD behavior for policy CMP0045 will be removed from a future version
  of CMake.

  The cmake-policies(7) manual explains that the OLD behaviors of all
  policies are deprecated and that a policy should be set to OLD only under
  specific short-term circumstances.  Projects should be ported to the NEW
  behavior and not rely on setting a policy to OLD.


CMake Deprecation Warning at CMakeLists.txt:42 (CMAKE_POLICY):
  The OLD behavior for policy CMP0042 will be removed from a future version
  of CMake.

  The cmake-policies(7) manual explains that the OLD behaviors of all
  policies are deprecated and that a policy should be set to OLD only under
  specific short-term circumstances.  Projects should be ported to the NEW
  behavior and not rely on setting a policy to OLD.


-- Running cmake version 3.19.2
-- Found Git: /usr/bin/git (found version "2.17.1") 
-- Configuring with MAX_INDEXES = 64U
-- The C compiler identification is GNU 8.4.0
-- The CXX compiler identification is GNU 8.4.0
-- Detecting C compiler ABI info
-- Detecting C compiler ABI info - done
-- Check for working C compiler: /usr/bin/cc - skipped
-- Detecting C compile features
-- Detecting C compile features - done
-- Detecting CXX compiler ABI info
-- Detecting CXX compiler ABI info - done
-- Check for working CXX compiler: /usr/bin/c++ - skipped
-- Detecting CXX compile features
-- Detecting CXX compile features - done
-- CMAKE_GENERATOR: Unix Makefiles
-- Looking for SHM_HUGETLB
-- Looking for SHM_HUGETLB - found
-- Looking for sys/types.h
-- Looking for sys/types.h - found
-- Looking for stdint.h
-- Looking for stdint.h - found
-- Looking for stddef.h
-- Looking for stddef.h - found
-- Check size of void *
-- Check size of void * - done
-- SIZEOF_VOIDP 8
-- Performing Test HAVE_C_SHIFT_OR_OPTIMIZATION_BUG
-- Performing Test HAVE_C_SHIFT_OR_OPTIMIZATION_BUG - Failed
-- Performing Test HAVE_CXX_SHIFT_OR_OPTIMIZATION_BUG
-- Performing Test HAVE_CXX_SHIFT_OR_OPTIMIZATION_BUG - Failed
-- Performing Test HAVE_C_FLOATING_POINT_FUSED_MADD
-- Performing Test HAVE_C_FLOATING_POINT_FUSED_MADD - Failed
-- Performing Test HAVE_CXX_FLOATING_POINT_FUSED_MADD
-- Performing Test HAVE_CXX_FLOATING_POINT_FUSED_MADD - Failed
-- Performing Test HAVE_C_FP_CONTRACT_FLAG
-- Performing Test HAVE_C_FP_CONTRACT_FLAG - Success
-- Performing Test HAVE_CXX_FP_CONTRACT_FLAG
-- Performing Test HAVE_CXX_FP_CONTRACT_FLAG - Success
-- MySQL 5.7.24
-- Packaging as: mysql-5.7.24-Linux-x86_64
-- Local boost dir /home/vldb/git/mysql-57-nvdimm-caching/boost/boost_1_59_0
-- Local boost zip /home/vldb/git/mysql-57-nvdimm-caching/boost/boost_1_59_0.tar.gz
-- Found /home/vldb/git/mysql-57-nvdimm-caching/boost/boost_1_59_0/boost/version.hpp 
-- BOOST_VERSION_NUMBER is #define BOOST_VERSION 105900
-- BOOST_INCLUDE_DIR /home/vldb/git/mysql-57-nvdimm-caching/boost/boost_1_59_0
-- Performing Test HAVE_LLVM_LIBCPP
-- Performing Test HAVE_LLVM_LIBCPP - Failed
-- Looking for pthread.h
-- Looking for pthread.h - found
-- Performing Test CMAKE_HAVE_LIBC_PTHREAD
-- Performing Test CMAKE_HAVE_LIBC_PTHREAD - Failed
-- Looking for pthread_create in pthreads
-- Looking for pthread_create in pthreads - not found
-- Looking for pthread_create in pthread
-- Looking for pthread_create in pthread - found
-- Found Threads: TRUE  
-- Looking for floor
-- Looking for floor - not found
-- Looking for floor in m
-- Looking for floor in m - found
-- Looking for gethostbyname_r
-- Looking for gethostbyname_r - found
-- Looking for bind
-- Looking for bind - found
-- Looking for crypt
-- Looking for crypt - not found
-- Looking for crypt in crypt
-- Looking for crypt in crypt - found
-- Looking for setsockopt
-- Looking for setsockopt - found
-- Looking for dlopen
-- Looking for dlopen - not found
-- Looking for dlopen in dl
-- Looking for dlopen in dl - found
-- Looking for sched_yield
-- Looking for sched_yield - found
-- Looking for clock_gettime
-- Looking for clock_gettime - found
-- Looking for timer_create
-- Looking for timer_create - not found
-- Looking for timer_create in rt
-- Looking for timer_create in rt - found
-- Looking for atomic_thread_fence
-- Looking for atomic_thread_fence - not found
-- Looking for atomic_thread_fence in atomic
-- Looking for atomic_thread_fence in atomic - found
-- Looking for backtrace
-- Looking for backtrace - found
CMake Warning (dev) at /usr/local/share/cmake-3.19/Modules/CheckIncludeFiles.cmake:120 (message):
  Policy CMP0075 is not set: Include file check macros honor
  CMAKE_REQUIRED_LIBRARIES.  Run "cmake --help-policy CMP0075" for policy
  details.  Use the cmake_policy command to set the policy and suppress this
  warning.

  CMAKE_REQUIRED_LIBRARIES is set to:

    m;crypt;dl;-lpthread;rt;atomic

  For compatibility with CMake 3.11 and below this check is ignoring it.
Call Stack (most recent call first):
  configure.cmake:254 (CHECK_INCLUDE_FILES)
  CMakeLists.txt:521 (INCLUDE)
This warning is for project developers.  Use -Wno-dev to suppress it.

-- Looking for include file alloca.h
-- Looking for include file alloca.h - found
-- Looking for include file arpa/inet.h
-- Looking for include file arpa/inet.h - found
-- Looking for include file crypt.h
-- Looking for include file crypt.h - found
-- Looking for include file dlfcn.h
-- Looking for include file dlfcn.h - found
-- Looking for include file execinfo.h
-- Looking for include file execinfo.h - found
-- Looking for include file fpu_control.h
-- Looking for include file fpu_control.h - found
-- Looking for include file grp.h
-- Looking for include file grp.h - found
-- Looking for include file ieeefp.h
-- Looking for include file ieeefp.h - not found
-- Looking for include file langinfo.h
-- Looking for include file langinfo.h - found
-- Looking for include file malloc.h
-- Looking for include file malloc.h - found
-- Looking for include file netinet/in.h
-- Looking for include file netinet/in.h - found
-- Looking for include file poll.h
-- Looking for include file poll.h - found
-- Looking for include file pwd.h
-- Looking for include file pwd.h - found
-- Looking for include file strings.h
-- Looking for include file strings.h - found
-- Looking for include file sys/cdefs.h
-- Looking for include file sys/cdefs.h - found
-- Looking for include file sys/ioctl.h
-- Looking for include file sys/ioctl.h - found
-- Looking for include file sys/mman.h
-- Looking for include file sys/mman.h - found
-- Looking for include file sys/resource.h
-- Looking for include file sys/resource.h - found
-- Looking for include file sys/select.h
-- Looking for include file sys/select.h - found
-- Looking for include file sys/socket.h
-- Looking for include file sys/socket.h - found
-- Looking for include files curses.h, term.h
-- Looking for include files curses.h, term.h - found
-- Looking for include file termios.h
-- Looking for include file termios.h - found
-- Looking for include file termio.h
-- Looking for include file termio.h - found
-- Looking for include file unistd.h
-- Looking for include file unistd.h - found
-- Looking for include file sys/wait.h
-- Looking for include file sys/wait.h - found
-- Looking for include file sys/param.h
-- Looking for include file sys/param.h - found
-- Looking for include file fnmatch.h
-- Looking for include file fnmatch.h - found
-- Looking for include file sys/un.h
-- Looking for include file sys/un.h - found
-- Looking for include file vis.h
-- Looking for include file vis.h - not found
-- Looking for include file sasl/sasl.h
-- Looking for include file sasl/sasl.h - not found
-- Looking for include file sys/devpoll.h
-- Looking for include file sys/devpoll.h - not found
-- Looking for include file sys/epoll.h
-- Looking for include file sys/epoll.h - found
-- Looking for TAILQ_FOREACH
-- Looking for TAILQ_FOREACH - found
-- Looking for _aligned_malloc
-- Looking for _aligned_malloc - not found
-- Looking for backtrace
-- Looking for backtrace - found
-- Looking for printstack
-- Looking for printstack - not found
-- Looking for index
-- Looking for index - found
-- Looking for clock_gettime
-- Looking for clock_gettime - found
-- Looking for cuserid
-- Looking for cuserid - found
-- Looking for directio
-- Looking for directio - not found
-- Looking for ftruncate
-- Looking for ftruncate - found
-- Looking for compress
-- Looking for compress - not found
-- Looking for crypt
-- Looking for crypt - found
-- Looking for dlopen
-- Looking for dlopen - found
-- Looking for fchmod
-- Looking for fchmod - found
-- Looking for fcntl
-- Looking for fcntl - found
-- Looking for fdatasync
-- Looking for fdatasync - found
-- Looking for fdatasync
-- Looking for fdatasync - found
-- Looking for fedisableexcept
-- Looking for fedisableexcept - found
-- Looking for fseeko
-- Looking for fseeko - found
-- Looking for fsync
-- Looking for fsync - found
-- Looking for gethostbyaddr_r
-- Looking for gethostbyaddr_r - found
-- Looking for gethrtime
-- Looking for gethrtime - not found
-- Looking for getnameinfo
-- Looking for getnameinfo - found
-- Looking for getpass
-- Looking for getpass - found
-- Looking for getpassphrase
-- Looking for getpassphrase - not found
-- Looking for getpwnam
-- Looking for getpwnam - found
-- Looking for getpwuid
-- Looking for getpwuid - found
-- Looking for getrlimit
-- Looking for getrlimit - found
-- Looking for getrusage
-- Looking for getrusage - found
-- Looking for initgroups
-- Looking for initgroups - found
-- Looking for issetugid
-- Looking for issetugid - not found
-- Looking for getuid
-- Looking for getuid - found
-- Looking for geteuid
-- Looking for geteuid - found
-- Looking for getgid
-- Looking for getgid - found
-- Looking for getegid
-- Looking for getegid - found
-- Looking for lstat
-- Looking for lstat - found
-- Looking for madvise
-- Looking for madvise - found
-- Looking for malloc_info
-- Looking for malloc_info - found
-- Looking for memrchr
-- Looking for memrchr - found
-- Looking for mlock
-- Looking for mlock - found
-- Looking for mlockall
-- Looking for mlockall - found
-- Looking for mmap64
-- Looking for mmap64 - found
-- Looking for poll
-- Looking for poll - found
-- Looking for posix_fallocate
-- Looking for posix_fallocate - found
-- Looking for posix_memalign
-- Looking for posix_memalign - found
-- Looking for pread
-- Looking for pread - found
-- Looking for pthread_condattr_setclock
-- Looking for pthread_condattr_setclock - found
-- Looking for pthread_sigmask
-- Looking for pthread_sigmask - found
-- Looking for readlink
-- Looking for readlink - found
-- Looking for realpath
-- Looking for realpath - found
-- Looking for setfd
-- Looking for setfd - not found
-- Looking for sigaction
-- Looking for sigaction - found
-- Looking for sleep
-- Looking for sleep - found
-- Looking for stpcpy
-- Looking for stpcpy - found
-- Looking for stpncpy
-- Looking for stpncpy - found
-- Looking for strlcpy
-- Looking for strlcpy - not found
-- Looking for strndup
-- Looking for strndup - found
-- Looking for strnlen
-- Looking for strnlen - found
-- Looking for strlcat
-- Looking for strlcat - not found
-- Looking for strsignal
-- Looking for strsignal - found
-- Looking for fgetln
-- Looking for fgetln - not found
-- Looking for strsep
-- Looking for strsep - found
-- Looking for tell
-- Looking for tell - not found
-- Looking for vasprintf
-- Looking for vasprintf - found
-- Looking for memalign
-- Looking for memalign - found
-- Looking for nl_langinfo
-- Looking for nl_langinfo - found
-- Looking for ntohll
-- Looking for ntohll - not found
-- Looking for clock_gettime
-- Looking for clock_gettime - found
-- Looking for epoll_create
-- Looking for epoll_create - found
-- Looking for inet_ntop
-- Looking for inet_ntop - found
-- Looking for kqueue
-- Looking for kqueue - not found
-- Looking for timeradd
-- Looking for timeradd - found
-- Looking for timerclear
-- Looking for timerclear - found
-- Looking for timercmp
-- Looking for timercmp - found
-- Looking for timerisset
-- Looking for timerisset - found
-- Looking for include file sys/time.h
-- Looking for include file sys/time.h - found
-- Looking for include file sys/times.h
-- Looking for include file sys/times.h - found
-- Looking for times
-- Looking for times - found
-- Looking for gettimeofday
-- Looking for gettimeofday - found
-- Looking for lrand48
-- Looking for lrand48 - found
-- Looking for TIOCGWINSZ
-- Looking for TIOCGWINSZ - found
-- Looking for FIONREAD
-- Looking for FIONREAD - found
-- Looking for FIONREAD
-- Looking for FIONREAD - not found
-- Looking for SIGEV_THREAD_ID
-- Looking for SIGEV_THREAD_ID - found
-- Looking for SIGEV_PORT
-- Looking for SIGEV_PORT - not found
-- Looking for log2
-- Looking for log2 - found
-- Looking for isinf
-- Looking for isinf - found
-- Performing Test HAVE_CXX_ISINF
-- Performing Test HAVE_CXX_ISINF - Success
-- Looking for timer_create
-- Looking for timer_create - found
-- Looking for timer_settime
-- Looking for timer_settime - found
-- Looking for kqueue
-- Looking for kqueue - not found
-- Looking for EVFILT_TIMER
-- Looking for EVFILT_TIMER - not found
-- Check if the system is big endian
-- Searching 16 bit integer
-- Check size of unsigned short
-- Check size of unsigned short - done
-- Searching 16 bit integer - Using unsigned short
-- Check if the system is big endian - little endian
-- Check size of char *
-- Check size of char * - done
-- Check size of long
-- Check size of long - done
-- Check size of short
-- Check size of short - done
-- Check size of int
-- Check size of int - done
-- Check size of long long
-- Check size of long long - done
-- Check size of off_t
-- Check size of off_t - done
-- Check size of time_t
-- Check size of time_t - done
-- Check size of struct timespec
-- Check size of struct timespec - done
-- Check size of uint
-- Check size of uint - done
-- Check size of ulong
-- Check size of ulong - done
-- Check size of u_int32_t
-- Check size of u_int32_t - done
-- Performing Test HAVE_VISIBILITY_HIDDEN
-- Performing Test HAVE_VISIBILITY_HIDDEN - Success
-- Checking stack direction : -1
-- Looking for include files time.h, sys/time.h
-- Looking for include files time.h, sys/time.h - found
-- Looking for O_NONBLOCK
-- Looking for O_NONBLOCK - found
-- Performing Test HAVE_PAUSE_INSTRUCTION
-- Performing Test HAVE_PAUSE_INSTRUCTION - Success
-- Performing Test HAVE_BUILTIN_UNREACHABLE
-- Performing Test HAVE_BUILTIN_UNREACHABLE - Success
-- Performing Test HAVE_BUILTIN_EXPECT
-- Performing Test HAVE_BUILTIN_EXPECT - Success
-- Performing Test HAVE_BUILTIN_STPCPY
-- Performing Test HAVE_BUILTIN_STPCPY - Success
-- Performing Test HAVE_GCC_ATOMIC_BUILTINS
-- Performing Test HAVE_GCC_ATOMIC_BUILTINS - Success
-- Performing Test HAVE_GCC_SYNC_BUILTINS
-- Performing Test HAVE_GCC_SYNC_BUILTINS - Success
-- Looking for netinet/in6.h
-- Looking for netinet/in6.h - not found
-- Check size of struct sockaddr_in6
-- Check size of struct sockaddr_in6 - done
-- Check size of struct in6_addr
-- Check size of struct in6_addr - done
-- Performing Test HAVE_SOCKADDR_STORAGE_SS_FAMILY
-- Performing Test HAVE_SOCKADDR_STORAGE_SS_FAMILY - Success
-- Performing Test HAVE_SOCKADDR_IN_SIN_LEN
-- Performing Test HAVE_SOCKADDR_IN_SIN_LEN - Failed
-- Performing Test HAVE_SOCKADDR_IN6_SIN6_LEN
-- Performing Test HAVE_SOCKADDR_IN6_SIN6_LEN - Failed
-- Performing Test HAVE_PTHREAD_THREADID_NP
-- Performing Test HAVE_PTHREAD_THREADID_NP - Failed
-- Performing Test HAVE_IMPLICIT_DEPENDENT_NAME_TYPING
-- Performing Test HAVE_IMPLICIT_DEPENDENT_NAME_TYPING - Failed
-- Looking for chown
-- Looking for chown - found
-- Looking for include file numa.h
-- Looking for include file numa.h - found
-- Looking for include file numaif.h
-- Looking for include file numaif.h - found
-- Performing Test HAVE_LIBNUMA
-- Performing Test HAVE_LIBNUMA - Success
-- Check size of socklen_t
-- Check size of socklen_t - failed
CMake Deprecation Warning at zlib/CMakeLists.txt:17 (cmake_minimum_required):
  Compatibility with CMake < 2.8.12 will be removed from a future version of
  CMake.

  Update the VERSION argument <min> value or use a ...<max> suffix to tell
  CMake that the project does not need compatibility with older versions.


-- Check size of off64_t
-- Check size of off64_t - done
-- Looking for unistd.h
-- Looking for unistd.h - found
-- Performing Test HAVE_STRINGOP_OVERFLOW
-- Performing Test HAVE_STRINGOP_OVERFLOW - Success
-- Performing Test HAVE_NO_UNUSED_CONST_VAR
-- Performing Test HAVE_NO_UNUSED_CONST_VAR - Success
-- Check size of mbstate_t
-- Check size of mbstate_t - done
-- Performing Test HAVE_LANGINFO_CODESET
-- Performing Test HAVE_LANGINFO_CODESET - Success
-- Looking for wcsdup
-- Looking for wcsdup - found
-- Check size of wchar_t
-- Check size of wchar_t - done
-- Check size of wint_t
-- Check size of wint_t - done
-- Found Curses: /usr/lib/x86_64-linux-gnu/libcurses.so  
-- Looking for tputs in /usr/lib/x86_64-linux-gnu/libcurses.so
-- Looking for tputs in /usr/lib/x86_64-linux-gnu/libcurses.so - found
-- Performing Test HAVE_DECL_TGOTO
-- Performing Test HAVE_DECL_TGOTO - Success
-- Looking for strvis
-- Looking for strvis - not found
-- Looking for strunvis
-- Looking for strunvis - not found
-- Cannot find system sasl libraries.
-- WITH_PROTOBUF=bundled
-- Performing Test HAVE_NO_SIGN_COMPARE
-- Performing Test HAVE_NO_SIGN_COMPARE - Success
-- Performing Test HAVE_NO_UNUSED_TYPEDEFS
-- Performing Test HAVE_NO_UNUSED_TYPEDEFS - Success
-- Performing Test HAVE_NO_IGNORED_QUALIFIERS
-- Performing Test HAVE_NO_IGNORED_QUALIFIERS - Success
-- Performing Test HAVE_NO_RETURN_TYPE
-- Performing Test HAVE_NO_RETURN_TYPE - Success
-- Performing Test HAVE_NO_UNUSED_FUNCTION
-- Performing Test HAVE_NO_UNUSED_FUNCTION - Success
-- Performing Test HAVE_MAYBE_UNINITIALIZED
-- Performing Test HAVE_MAYBE_UNINITIALIZED - Success
-- Performing Test HAVE_UNUSED_BUT_SET
-- Performing Test HAVE_UNUSED_BUT_SET - Success
-- protobuf version is 2.6
-- You need to set WITH_CURL. This variable needs to point to curl library.
-- Performing Test HAVE_SYS_THREAD_SELFID
-- Performing Test HAVE_SYS_THREAD_SELFID - Failed
-- Performing Test HAVE_SYS_GETTID
-- Performing Test HAVE_SYS_GETTID - Success
-- Performing Test HAVE_PTHREAD_SETNAME_NP
-- Performing Test HAVE_PTHREAD_SETNAME_NP - Success
-- Performing Test HAVE_PTHREAD_GETTHREADID_NP
-- Performing Test HAVE_PTHREAD_GETTHREADID_NP - Failed
-- Performing Test HAVE_INTEGER_PTHREAD_SELF
-- Performing Test HAVE_INTEGER_PTHREAD_SELF - Success
-- Performing Test HAVE_IMPLICIT_FALLTHROUGH
-- Performing Test HAVE_IMPLICIT_FALLTHROUGH - Success
-- Performing Test HAVE_STRINGOP_TRUNCATION
-- Performing Test HAVE_STRINGOP_TRUNCATION - Success
-- Creating LDAP authentication SASL client library.
-- Currently LDAP SASL client authentication plug-in is build with only system installed cyrus SASL library.
-- Looking for include file sasl/sasl.h
-- Looking for include file sasl/sasl.h - not found
-- Looking for include file lber.h
-- Looking for include file lber.h - not found
-- Required SASL library is missing. Skipping the LDAP SASL client authentication plugin.
-- Library mysqlclient depends on OSLIBS -lpthread;m;rt;atomic;dl
-- MERGE_CONVENIENCE_LIBRARIES TARGET mysqlclient
-- MERGE_CONVENIENCE_LIBRARIES LIBS clientlib;dbug;strings;vio;mysys;mysys_ssl;zlib;yassl;taocrypt;dl
-- MERGE_CONVENIENCE_LIBRARIES MYLIBS clientlib;dbug;strings;vio;mysys;mysys_ssl;zlib;yassl;taocrypt
-- Looking for include file endian.h
-- Looking for include file endian.h - found
-- Looking for le64toh
-- Looking for le64toh - found
-- Looking for le32toh
-- Looking for le32toh - found
-- Looking for le16toh
-- Looking for le16toh - found
-- Check size of long long
-- Check size of long long - done
-- Check size of long
-- Check size of long - done
-- Check size of int
-- Check size of int - done
-- Check if the system is big endian
-- Searching 16 bit integer
-- Searching 16 bit integer - Using unsigned short
-- Check if the system is big endian - little endian
-- Looking for include file libaio.h
-- Looking for include file libaio.h - found
-- Looking for io_queue_init in aio
-- Looking for io_queue_init in aio - found
-- Performing Test HAVE_NO_BUILTIN_MEMCMP
-- Performing Test HAVE_NO_BUILTIN_MEMCMP - Success
-- Looking for sched_getcpu
-- Looking for sched_getcpu - found
-- Looking for nanosleep
-- Looking for nanosleep - found
-- Performing Test HAVE_FALLOC_PUNCH_HOLE_AND_KEEP_SIZE
-- Performing Test HAVE_FALLOC_PUNCH_HOLE_AND_KEEP_SIZE - Success
-- Performing Test HAVE_IB_GCC_SYNC_SYNCHRONISE
-- Performing Test HAVE_IB_GCC_SYNC_SYNCHRONISE - Success
-- Performing Test HAVE_IB_GCC_ATOMIC_THREAD_FENCE
-- Performing Test HAVE_IB_GCC_ATOMIC_THREAD_FENCE - Success
-- Performing Test HAVE_IB_GCC_ATOMIC_COMPARE_EXCHANGE
-- Performing Test HAVE_IB_GCC_ATOMIC_COMPARE_EXCHANGE - Success
-- Performing Test HAVE_IB_ATOMIC_PTHREAD_T_GCC
-- Performing Test HAVE_IB_ATOMIC_PTHREAD_T_GCC - Success
-- Performing Test HAVE_IB_LINUX_FUTEX
-- Performing Test HAVE_IB_LINUX_FUTEX - Success
-- Looking for asprintf
-- Looking for asprintf - found
-- Performing Test HAVE_CAST_FUNCTION_TYPE
-- Performing Test HAVE_CAST_FUNCTION_TYPE - Success
-- Using cmake version 3.19.2
-- Performing Test HAVE_UNUSED_BUT_SET_VARIABLE
-- Performing Test HAVE_UNUSED_BUT_SET_VARIABLE - Success
-- Disabling -Wunused-but-set-variable warning for building NDB
-- Performing Test HAVE_STRICT_ALIASING
-- Performing Test HAVE_STRICT_ALIASING - Success
-- Disabling -Wstrict-aliasing warning for building NDB
-- Not building NDB
-- Performing Test HAVE_PEERCRED
-- Performing Test HAVE_PEERCRED - Success
-- Performing Test HAVE_UNUSED_TYPEDEFS
-- Performing Test HAVE_UNUSED_TYPEDEFS - Success
-- JONGQ source directory /home/vldb/git/mysql-57-nvdimm-caching/rapid/plugin/group_replication
-- JONGQ binary directory /home/vldb/git/mysql-57-nvdimm-caching/bld/rapid/plugin/group_replication
-- Looking for htole64
-- Looking for htole64 - found
-- Looking for htole32
-- Looking for htole32 - found
-- Looking for htole16
-- Looking for htole16 - found
-- Performing Test HAVE_STRUCT_SOCKADDR_SA_LEN
-- Performing Test HAVE_STRUCT_SOCKADDR_SA_LEN - Failed
-- Performing Test HAVE_STRUCT_IFREQ_IFR_NAME
-- Performing Test HAVE_STRUCT_IFREQ_IFR_NAME - Success
-- Performing Test HAVE_XDR_OPS_X_PUTINT32
-- Performing Test HAVE_XDR_OPS_X_PUTINT32 - Success
-- Performing Test HAVE_XDR_OPS_X_GETINT32
-- Performing Test HAVE_XDR_OPS_X_GETINT32 - Success
-- Performing Test HAVE___CONST
-- Performing Test HAVE___CONST - Success
-- Performing Test HAVE_RPC_INLINE_T
-- Performing Test HAVE_RPC_INLINE_T - Failed
-- Performing Test OLD_XDR
-- Performing Test OLD_XDR - Failed
-- Performing Test X_GETPOSTN_NOT_USE_CONST
-- Performing Test X_GETPOSTN_NOT_USE_CONST - Failed
-- Performing Test HAS_INCOMPATIBLE_POINTER_TYPES
-- Performing Test HAS_INCOMPATIBLE_POINTER_TYPES - Success
-- Performing Test X_PUTLONG_NOT_USE_CONST
-- Performing Test X_PUTLONG_NOT_USE_CONST - Failed
-- RPC_INCLUDE_DIR /usr/include
-- Using Boost headers from /home/vldb/git/mysql-57-nvdimm-caching/boost/boost_1_59_0
-- Performing Test CXX_HAVE_SIGN_COMPARE
-- Performing Test CXX_HAVE_SIGN_COMPARE - Success
-- Performing Test CXX_HAVE_UNUSED_VARIABLE
-- Performing Test CXX_HAVE_UNUSED_VARIABLE - Success
-- MYSQLX - Text log of protobuf messages enabled
-- MYSQLX - Enabled debug traces
-- Performing Test HAVE_UNUSED_PARAMETER
-- Performing Test HAVE_UNUSED_PARAMETER - Success
-- Googletest was not found. gtest-based unit tests will be disabled. You can run cmake . -DENABLE_DOWNLOADS=1 to automatically download and build required components from source.
-- If you are inside a firewall, you may need to use an https proxy: export https_proxy=http://example.com:80
-- Performing Test HAVE_MISLEADING_INDENTATION
-- Performing Test HAVE_MISLEADING_INDENTATION - Success
-- Library mysqlserver depends on OSLIBS -lpthread;m;rt;atomic;crypt;dl;aio;numa
-- MERGE_CONVENIENCE_LIBRARIES TARGET mysqlserver
-- MERGE_CONVENIENCE_LIBRARIES LIBS dbug;strings;regex;mysys;mysys_ssl;vio;zlib;yassl;taocrypt;crypt;dl;archive_embedded;blackhole_embedded;csv_embedded;federated_embedded;heap_embedded;innobase;lz4_lib;numa;myisam_embedded;myisammrg_embedded;partition_embedded;ngram_parser;sql_embedded
-- MERGE_CONVENIENCE_LIBRARIES MYLIBS dbug;strings;regex;mysys;mysys_ssl;vio;zlib;yassl;taocrypt;archive_embedded;blackhole_embedded;csv_embedded;federated_embedded;heap_embedded;innobase;lz4_lib;myisam_embedded;myisammrg_embedded;partition_embedded;ngram_parser;sql_embedded
-- INSTALL mysqlclient.pc lib/pkgconfig
-- CMAKE_BUILD_TYPE: Debug
-- COMPILE_DEFINITIONS: _GNU_SOURCE;_FILE_OFFSET_BITS=64;HAVE_CONFIG_H;HAVE_LIBEVENT1
-- CMAKE_C_FLAGS: -DUNIV_NVDIMM_CACHE -fPIC -Wall -Wextra -Wformat-security -Wvla -Wimplicit-fallthrough=2 -Wwrite-strings -Wdeclaration-after-statement -Werror
-- CMAKE_CXX_FLAGS: -DUNIV_NVDIMM_CACHE -fPIC -Wall -Wextra -Wformat-security -Wvla -Wimplicit-fallthrough=2 -Woverloaded-virtual -Wno-unused-parameter -Werror
-- CMAKE_C_LINK_FLAGS: 
-- CMAKE_CXX_LINK_FLAGS: 
-- CMAKE_C_FLAGS_DEBUG: -g -fabi-version=2 -fno-omit-frame-pointer -fno-strict-aliasing -DENABLED_DEBUG_SYNC -DSAFE_MUTEX
-- CMAKE_CXX_FLAGS_DEBUG: -g -fabi-version=2 -fno-omit-frame-pointer -fno-strict-aliasing -std=gnu++03 -DENABLED_DEBUG_SYNC -DSAFE_MUTEX
-- Configuring done
-- Generating done
-- Build files have been written to: /home/vldb/git/mysql-57-nvdimm-caching/bld
Scanning dependencies of target INFO_SRC
Scanning dependencies of target abi_check
Scanning dependencies of target INFO_BIN
[  0%] Built target zlib
[  1%] Built target taocrypt
[  2%] Built target yassl
[  4%] Built target edit
Scanning dependencies of target gen_dtrace_header
[  6%] Built target strings
[  6%] Built target gen_dtrace_header
[  6%] Built target regex
[  6%] Built target vio
[  6%] Built target INFO_BIN
[  6%] Built target INFO_SRC
[  6%] Built target binlogstandalone_shared
[  7%] Built target binlogstandalone_static
[  8%] Built target mysqlservices
[  8%] Built target lz4_lib
[  8%] Built target comp_sql
[  8%] Built target gen_lex_hash
[  9%] Built target event
[ 10%] Built target gr_unit_test_resource
[ 10%] Built target GenLiteProtos
[ 10%] Built target lz4_decompress
[ 10%] Built target protobuf-lite
[ 11%] Built target zlib_decompress
[ 11%] Built target GenFixPrivs
[ 12%] Built target protoclib
[ 14%] Built target protobuf
[ 14%] Built target GenYaccEmbeddedSource
[ 15%] Built target my_safe_process
[ 15%] Built target GenBootstrapPriv
[ 15%] Built target GenServerSource
[ 16%] Built target GenSysSchema
[ 17%] Built target protoc
[ 17%] Built target boost_lib
[ 17%] Built target gen_lex_token
[ 22%] Built target mysys
[ 22%] Built target GenDigestServerSource
[ 22%] Built target dbug
[ 22%] Built target re
[ 22%] Built target base64_test
[ 23%] Built target mytap
[ 23%] Built target replace
[ 23%] Built target queues
[ 23%] Built target thr_lock
[ 23%] Built target mysys_ssl
[ 23%] Built target abi_check
[ 23%] Built target skip_all-t
[ 23%] Built target skip-t
[ 24%] Built target basic-t
[ 24%] Built target todo-t
[ 24%] Built target simple-t
[ 24%] Built target no_plan-t
[ 24%] Built target comp_err
[ 24%] Built target resolveip
[ 25%] Built target resolve_stack_dump
[ 25%] Built target my_print_defaults
[ 25%] Built target mysql_ssl_rsa_setup
[ 25%] Built target mysql_tzinfo_to_sql
[ 25%] Built target GenError
[ 25%] Built target blackhole
[ 25%] Built target archive
[ 25%] Built target archive_embedded
[ 25%] Built target binlogevents_static
[ 25%] Built target blackhole_embedded
[ 26%] Built target clientlib
[ 27%] Built target csv_embedded
[ 27%] Built target csv
[ 27%] Built target example
[ 27%] Built target federated
[ 27%] Built target federated_embedded
[ 28%] Built target heap_embedded
[ 29%] Built target heap
[ 29%] Built target partition
[ 29%] Built target partition_embedded
[ 30%] Built target myisammrg
[ 31%] Built target myisammrg_embedded
[ 33%] Built target myisam
[ 36%] Built target myisam_embedded
[ 36%] Built target pfs_server_stubs
[ 36%] Built target ngram_parser
[ 36%] Built target rpl
[ 36%] Built target test_security_context
[ 36%] Built target audit_null
[ 36%] Built target master
[ 36%] Built target auth_socket
[ 37%] Built target slave
[ 38%] Built target qa_auth_interface
[ 38%] Built target qa_auth_server
[ 38%] Built target auth
[ 39%] Built target binlog
[ 39%] Built target qa_auth_client
[ 39%] Built target auth_test_plugin
[ 40%] Built target mysql_no_login
[ 40%] Built target daemon_example
[ 40%] Built target ftexample
[ 40%] Built target connection_control
[ 40%] Built target validate_password
[ 40%] Built target replication_observers_example
[ 40%] Built target rewrite_example
[ 40%] Built target keyring_file
[ 40%] Built target rewriter
[ 41%] Built target semisync_slave
[ 41%] Built target test_session_detach
[ 41%] Built target test_sql_errors
[ 42%] Built target test_sql_replication
[ 42%] Built target semisync_master
[ 42%] Built target test_sql_complex
[ 43%] Built target test_session_in_thd
[ 43%] Built target test_sql_processlist
[ 43%] Built target test_x_sessions_deinit
[ 43%] Built target test_session_info
[ 43%] Built target test_x_sessions_init
[ 43%] Built target test_sql_2_sessions
[ 43%] Built target test_sql_cmds_1
[ 43%] Built target test_sql_sqlmode
[ 43%] Built target test_sql_stored_procedures_functions
[ 43%] Built target test_sql_views_triggers
[ 43%] Built target test_sql_shutdown
[ 43%] Built target test_sql_all_col_types
[ 43%] Built target test_sql_lock
[ 43%] Built target test_sql_commit
[ 43%] Built target test_services
[ 43%] Built target test_services_thread
[ 43%] Built target test_framework
[ 43%] Built target test_udf_services
[ 43%] Built target version_token
[ 43%] Built target perror
[ 44%] Built target keyring_udf
[ 44%] Built target innochecksum
[ 45%] Built target sqlgunitlib
[ 45%] Built target locking_service
[ 51%] Built target perfschema
[ 58%] Built target innobase
[ 58%] Built target mysqlclient
[ 58%] Built target libmysql
[ 58%] Built target hp_test2
[ 58%] Built target hp_test1
[ 58%] Built target myisamchk
[ 58%] Built target myisamlog
[ 58%] Built target myisam_ftdump
[ 59%] Built target myisampack
[ 59%] Built target pfs_instr-t
[ 59%] Built target pfs_account-oom-t
[ 59%] Built target pfs_misc-t
[ 59%] Built target pfs_instr_class-oom-t
[ 59%] Built target pfs-t
[ 60%] Built target pfs_instr_class-t
[ 60%] Built target pfs_host-oom-t
[ 60%] Building CXX object rapid/plugin/group_replication/CMakeFiles/group_replication.dir/src/applier.cc.o
[ 60%] Built target pfs_noop-t
[ 60%] Building CXX object rapid/plugin/group_replication/CMakeFiles/group_replication.dir/src/auto_increment.cc.o
[ 60%] Building CXX object rapid/plugin/group_replication/CMakeFiles/group_replication.dir/src/delayed_plugin_initialization.cc.o
[ 60%] Built target pfs_user-oom-t
[ 60%] Building CXX object rapid/plugin/group_replication/CMakeFiles/group_replication.dir/src/gcs_event_handlers.cc.o
[ 60%] Built target pfs_instr-oom-t
[ 60%] Building CXX object rapid/plugin/group_replication/CMakeFiles/group_replication.dir/src/gcs_operations.cc.o
[ 60%] Building CXX object rapid/plugin/group_replication/CMakeFiles/group_replication.dir/src/group_partition_handling.cc.o
/home/vldb/git/mysql-57-nvdimm-caching/rapid/plugin/group_replication/src/auto_increment.cc: In member function ‘void Plugin_group_replication_auto_increment::reset_auto_increment_variables()’:
/home/vldb/git/mysql-57-nvdimm-caching/rapid/plugin/group_replication/src/auto_increment.cc:33:35: error: ‘get_auto_increment_increment’ was not declared in this scope
   ulong current_server_increment= get_auto_increment_increment();
                                   ^~~~~~~~~~~~~~~~~~~~~~~~~~~~
/home/vldb/git/mysql-57-nvdimm-caching/rapid/plugin/group_replication/src/auto_increment.cc:33:35: note: suggested alternative: ‘set_auto_increment_variables’
   ulong current_server_increment= get_auto_increment_increment();
                                   ^~~~~~~~~~~~~~~~~~~~~~~~~~~~
                                   set_auto_increment_variables
/home/vldb/git/mysql-57-nvdimm-caching/rapid/plugin/group_replication/src/auto_increment.cc:34:32: error: ‘get_auto_increment_offset’ was not declared in this scope
   ulong current_server_offset= get_auto_increment_offset();
                                ^~~~~~~~~~~~~~~~~~~~~~~~~
/home/vldb/git/mysql-57-nvdimm-caching/rapid/plugin/group_replication/src/auto_increment.cc:34:32: note: suggested alternative: ‘set_auto_increment_variables’
   ulong current_server_offset= get_auto_increment_offset();
                                ^~~~~~~~~~~~~~~~~~~~~~~~~
                                set_auto_increment_variables
/home/vldb/git/mysql-57-nvdimm-caching/rapid/plugin/group_replication/src/auto_increment.cc:46:5: error: ‘set_auto_increment_increment’ was not declared in this scope
     set_auto_increment_increment(SERVER_DEFAULT_AUTO_INCREMENT);
     ^~~~~~~~~~~~~~~~~~~~~~~~~~~~
/home/vldb/git/mysql-57-nvdimm-caching/rapid/plugin/group_replication/src/auto_increment.cc:46:5: note: suggested alternative: ‘set_auto_increment_variables’
     set_auto_increment_increment(SERVER_DEFAULT_AUTO_INCREMENT);
     ^~~~~~~~~~~~~~~~~~~~~~~~~~~~
     set_auto_increment_variables
/home/vldb/git/mysql-57-nvdimm-caching/rapid/plugin/group_replication/src/auto_increment.cc:47:5: error: ‘set_auto_increment_offset’ was not declared in this scope
     set_auto_increment_offset(SERVER_DEFAULT_AUTO_OFFSET);
     ^~~~~~~~~~~~~~~~~~~~~~~~~
/home/vldb/git/mysql-57-nvdimm-caching/rapid/plugin/group_replication/src/auto_increment.cc:47:5: note: suggested alternative: ‘set_auto_increment_variables’
     set_auto_increment_offset(SERVER_DEFAULT_AUTO_OFFSET);
     ^~~~~~~~~~~~~~~~~~~~~~~~~
     set_auto_increment_variables
/home/vldb/git/mysql-57-nvdimm-caching/rapid/plugin/group_replication/src/auto_increment.cc: In member function ‘void Plugin_group_replication_auto_increment::set_auto_increment_variables(ulong, ulong)’:
/home/vldb/git/mysql-57-nvdimm-caching/rapid/plugin/group_replication/src/auto_increment.cc:64:35: error: ‘get_auto_increment_increment’ was not declared in this scope
   ulong current_server_increment= get_auto_increment_increment();
                                   ^~~~~~~~~~~~~~~~~~~~~~~~~~~~
/home/vldb/git/mysql-57-nvdimm-caching/rapid/plugin/group_replication/src/auto_increment.cc:64:35: note: suggested alternative: ‘set_auto_increment_variables’
   ulong current_server_increment= get_auto_increment_increment();
                                   ^~~~~~~~~~~~~~~~~~~~~~~~~~~~
                                   set_auto_increment_variables
/home/vldb/git/mysql-57-nvdimm-caching/rapid/plugin/group_replication/src/auto_increment.cc:65:32: error: ‘get_auto_increment_offset’ was not declared in this scope
   ulong current_server_offset= get_auto_increment_offset();
                                ^~~~~~~~~~~~~~~~~~~~~~~~~
/home/vldb/git/mysql-57-nvdimm-caching/rapid/plugin/group_replication/src/auto_increment.cc:65:32: note: suggested alternative: ‘set_auto_increment_variables’
   ulong current_server_offset= get_auto_increment_offset();
                                ^~~~~~~~~~~~~~~~~~~~~~~~~
                                set_auto_increment_variables
/home/vldb/git/mysql-57-nvdimm-caching/rapid/plugin/group_replication/src/auto_increment.cc:71:5: error: ‘set_auto_increment_increment’ was not declared in this scope
     set_auto_increment_increment(increment);
     ^~~~~~~~~~~~~~~~~~~~~~~~~~~~
/home/vldb/git/mysql-57-nvdimm-caching/rapid/plugin/group_replication/src/auto_increment.cc:71:5: note: suggested alternative: ‘set_auto_increment_variables’
     set_auto_increment_increment(increment);
     ^~~~~~~~~~~~~~~~~~~~~~~~~~~~
     set_auto_increment_variables
/home/vldb/git/mysql-57-nvdimm-caching/rapid/plugin/group_replication/src/auto_increment.cc:72:5: error: ‘set_auto_increment_offset’ was not declared in this scope
     set_auto_increment_offset(offset);
     ^~~~~~~~~~~~~~~~~~~~~~~~~
/home/vldb/git/mysql-57-nvdimm-caching/rapid/plugin/group_replication/src/auto_increment.cc:72:5: note: suggested alternative: ‘set_auto_increment_variables’
     set_auto_increment_offset(offset);
     ^~~~~~~~~~~~~~~~~~~~~~~~~
     set_auto_increment_variables
rapid/plugin/group_replication/CMakeFiles/group_replication.dir/build.make:777: recipe for target 'rapid/plugin/group_replication/CMakeFiles/group_replication.dir/src/auto_increment.cc.o' failed
make[2]: *** [rapid/plugin/group_replication/CMakeFiles/group_replication.dir/src/auto_increment.cc.o] Error 1
make[2]: *** Waiting for unfinished jobs....
[ 65%] Built target mysqlx
[ 76%] Built target sql_embedded
[ 76%] Built target mysqldump
[ 77%] Built target mysqlxtest
[ 78%] Built target mysqlcheck_core
[ 78%] Built target mysqladmin
[ 79%] Built target client_base
[ 79%] Built target mysql_plugin
[ 79%] Built target mysqlimport
[ 79%] Built target mysqlbinlog
[ 79%] Built target mysqltest
[ 79%] Built target mysql_config_editor
[ 79%] Built target mysqlshow
[ 79%] Built target mysql
[ 79%] Built target mysqlslap
[ 79%] Built target mysql_secure_installation
[ 79%] Built target mysql_install_db
[ 79%] Built target bug25714
[ 79%] Built target mysql_client_test
[ 79%] Built target mysqlserver
[ 79%] Built target libmysql_api_test
[ 79%] Built target mysqlcheck
[ 79%] Built target mysql_upgrade
[ 83%] Built target mysqlpump_lib
[ 83%] Built target mysqltest_embedded
[ 83%] Built target mysql_embedded
[ 83%] Built target mysql_client_test_embedded
[ 83%] Built target mysqlpump
[ 94%] Built target sql
[ 94%] Built target mysqld
[ 94%] Built target pfs_connect_attr-t
[ 95%] Built target udf_example
/home/vldb/git/mysql-57-nvdimm-caching/rapid/plugin/group_replication/src/gcs_operations.cc: In constructor ‘Gcs_operations::Gcs_operations()’:
/home/vldb/git/mysql-57-nvdimm-caching/rapid/plugin/group_replication/src/gcs_operations.cc:34:7: error: ‘key_GR_RWLOCK_gcs_operations’ was not declared in this scope
       key_GR_RWLOCK_gcs_operations
       ^~~~~~~~~~~~~~~~~~~~~~~~~~~~
/home/vldb/git/mysql-57-nvdimm-caching/rapid/plugin/group_replication/src/gcs_operations.cc:34:7: note: suggested alternative: ‘key_LOCK_keyring_operations’
       key_GR_RWLOCK_gcs_operations
       ^~~~~~~~~~~~~~~~~~~~~~~~~~~~
       key_LOCK_keyring_operations
/home/vldb/git/mysql-57-nvdimm-caching/rapid/plugin/group_replication/src/gcs_operations.cc:39:7: error: ‘key_GR_RWLOCK_gcs_operations_finalize_ongoing’ was not declared in this scope
       key_GR_RWLOCK_gcs_operations_finalize_ongoing
       ^~~~~~~~~~~~~~~~~~~~~~~~~~~~~~~~~~~~~~~~~~~~~
/home/vldb/git/mysql-57-nvdimm-caching/rapid/plugin/group_replication/src/gcs_operations.cc: In member function ‘int Gcs_operations::initialize()’:
/home/vldb/git/mysql-57-nvdimm-caching/rapid/plugin/group_replication/src/gcs_operations.cc:71:12: error: ‘GROUP_REPLICATION_COMMUNICATION_LAYER_SESSION_ERROR’ was not declared in this scope
     error= GROUP_REPLICATION_COMMUNICATION_LAYER_SESSION_ERROR;
            ^~~~~~~~~~~~~~~~~~~~~~~~~~~~~~~~~~~~~~~~~~~~~~~~~~~
/home/vldb/git/mysql-57-nvdimm-caching/rapid/plugin/group_replication/src/delayed_plugin_initialization.cc: In member function ‘int Delayed_initialization_thread::initialization_thread_handler()’:
/home/vldb/git/mysql-57-nvdimm-caching/rapid/plugin/group_replication/src/delayed_plugin_initialization.cc:159:7: error: ‘server_engine_initialized’ was not declared in this scope
   if (server_engine_initialized())
       ^~~~~~~~~~~~~~~~~~~~~~~~~
/home/vldb/git/mysql-57-nvdimm-caching/rapid/plugin/group_replication/src/gcs_operations.cc:71:12: note: suggested alternative: ‘ER_GROUP_REPLICATION_COMMUNICATION_LAYER_SESSION_ERROR’
     error= GROUP_REPLICATION_COMMUNICATION_LAYER_SESSION_ERROR;
            ^~~~~~~~~~~~~~~~~~~~~~~~~~~~~~~~~~~~~~~~~~~~~~~~~~~
            ER_GROUP_REPLICATION_COMMUNICATION_LAYER_SESSION_ERROR
/home/vldb/git/mysql-57-nvdimm-caching/rapid/plugin/group_replication/src/gcs_operations.cc:81:12: error: ‘GROUP_REPLICATION_COMMUNICATION_LAYER_SESSION_ERROR’ was not declared in this scope
     error= GROUP_REPLICATION_COMMUNICATION_LAYER_SESSION_ERROR;
            ^~~~~~~~~~~~~~~~~~~~~~~~~~~~~~~~~~~~~~~~~~~~~~~~~~~
/home/vldb/git/mysql-57-nvdimm-caching/rapid/plugin/group_replication/src/group_partition_handling.cc: In member function ‘void Group_partition_handling::kill_transactions_and_leave()’:
/home/vldb/git/mysql-57-nvdimm-caching/rapid/plugin/group_replication/src/group_partition_handling.cc:100:3: error: ‘applier_module’ was not declared in this scope
   applier_module->add_suspension_packet();
   ^~~~~~~~~~~~~~
/home/vldb/git/mysql-57-nvdimm-caching/rapid/plugin/group_replication/src/gcs_operations.cc:81:12: note: suggested alternative: ‘ER_GROUP_REPLICATION_COMMUNICATION_LAYER_SESSION_ERROR’
     error= GROUP_REPLICATION_COMMUNICATION_LAYER_SESSION_ERROR;
            ^~~~~~~~~~~~~~~~~~~~~~~~~~~~~~~~~~~~~~~~~~~~~~~~~~~
            ER_GROUP_REPLICATION_COMMUNICATION_LAYER_SESSION_ERROR
/home/vldb/git/mysql-57-nvdimm-caching/rapid/plugin/group_replication/src/group_partition_handling.cc:100:3: note: suggested alternative: ‘offline_mode’
   applier_module->add_suspension_packet();
   ^~~~~~~~~~~~~~
   offline_mode
/home/vldb/git/mysql-57-nvdimm-caching/rapid/plugin/group_replication/src/group_partition_handling.cc:102:3: error: ‘group_member_mgr’ was not declared in this scope
   group_member_mgr->update_member_status(local_member_info->get_uuid(),
   ^~~~~~~~~~~~~~~~
/home/vldb/git/mysql-57-nvdimm-caching/rapid/plugin/group_replication/src/gcs_operations.cc: In member function ‘enum_gcs_error Gcs_operations::join(const Gcs_communication_event_listener&, const Gcs_control_event_listener&)’:
/home/vldb/git/mysql-57-nvdimm-caching/rapid/plugin/group_replication/src/gcs_operations.cc:145:26: error: ‘group_name_var’ was not declared in this scope
   std::string group_name(group_name_var);
                          ^~~~~~~~~~~~~~
/home/vldb/git/mysql-57-nvdimm-caching/rapid/plugin/group_replication/src/gcs_operations.cc:145:26: note: suggested alternative: ‘group_name’
   std::string group_name(group_name_var);
                          ^~~~~~~~~~~~~~
                          group_name
/home/vldb/git/mysql-57-nvdimm-caching/rapid/plugin/group_replication/src/gcs_operations.cc: In member function ‘bool Gcs_operations::belongs_to_group()’:
/home/vldb/git/mysql-57-nvdimm-caching/rapid/plugin/group_replication/src/gcs_operations.cc:188:28: error: ‘group_name_var’ was not declared in this scope
     std::string group_name(group_name_var);
                            ^~~~~~~~~~~~~~
/home/vldb/git/mysql-57-nvdimm-caching/rapid/plugin/group_replication/src/delayed_plugin_initialization.cc:159:7: note: suggested alternative: ‘THR_THD_initialized’
   if (server_engine_initialized())
       ^~~~~~~~~~~~~~~~~~~~~~~~~
       THR_THD_initialized
/home/vldb/git/mysql-57-nvdimm-caching/rapid/plugin/group_replication/src/delayed_plugin_initialization.cc:162:36: error: ‘get_plugin_running_lock’ was not declared in this scope
     Mutex_autolock auto_lock_mutex(get_plugin_running_lock());
                                    ^~~~~~~~~~~~~~~~~~~~~~~
/home/vldb/git/mysql-57-nvdimm-caching/rapid/plugin/group_replication/src/group_partition_handling.cc:102:3: note: suggested alternative: ‘group_member’
   group_member_mgr->update_member_status(local_member_info->get_uuid(),
   ^~~~~~~~~~~~~~~~
   group_member
/home/vldb/git/mysql-57-nvdimm-caching/rapid/plugin/group_replication/src/group_partition_handling.cc:102:42: error: ‘local_member_info’ was not declared in this scope
   group_member_mgr->update_member_status(local_member_info->get_uuid(),
                                          ^~~~~~~~~~~~~~~~~
/home/vldb/git/mysql-57-nvdimm-caching/rapid/plugin/group_replication/src/gcs_operations.cc:188:28: note: suggested alternative: ‘group_name’
     std::string group_name(group_name_var);
                            ^~~~~~~~~~~~~~
                            group_name
/home/vldb/git/mysql-57-nvdimm-caching/rapid/plugin/group_replication/src/gcs_operations.cc: In member function ‘Gcs_operations::enum_leave_state Gcs_operations::leave()’:
/home/vldb/git/mysql-57-nvdimm-caching/rapid/plugin/group_replication/src/gcs_operations.cc:222:28: error: ‘group_name_var’ was not declared in this scope
     std::string group_name(group_name_var);
                            ^~~~~~~~~~~~~~
/home/vldb/git/mysql-57-nvdimm-caching/rapid/plugin/group_replication/src/gcs_event_handlers.cc: In member function ‘void Plugin_gcs_events_handler::handle_transactional_message(const Gcs_message&) const’:
/home/vldb/git/mysql-57-nvdimm-caching/rapid/plugin/group_replication/src/gcs_event_handlers.cc:95:9: error: ‘local_member_info’ was not declared in this scope
   if ( (local_member_info->get_recovery_status() == Group_member_info::MEMBER_IN_RECOVERY ||
         ^~~~~~~~~~~~~~~~~
/home/vldb/git/mysql-57-nvdimm-caching/rapid/plugin/group_replication/src/gcs_operations.cc:222:28: note: suggested alternative: ‘group_name’
     std::string group_name(group_name_var);
                            ^~~~~~~~~~~~~~
                            group_name
/home/vldb/git/mysql-57-nvdimm-caching/rapid/plugin/group_replication/src/gcs_operations.cc: In member function ‘Gcs_view* Gcs_operations::get_current_view()’:
/home/vldb/git/mysql-57-nvdimm-caching/rapid/plugin/group_replication/src/gcs_operations.cc:301:28: error: ‘group_name_var’ was not declared in this scope
     std::string group_name(group_name_var);
                            ^~~~~~~~~~~~~~
/home/vldb/git/mysql-57-nvdimm-caching/rapid/plugin/group_replication/src/group_partition_handling.cc:102:42: note: suggested alternative: ‘PSI_memory_info’
   group_member_mgr->update_member_status(local_member_info->get_uuid(),
                                          ^~~~~~~~~~~~~~~~~
                                          PSI_memory_info
/home/vldb/git/mysql-57-nvdimm-caching/rapid/plugin/group_replication/src/group_partition_handling.cc:103:42: error: ‘Group_member_info’ has not been declared
                                          Group_member_info::MEMBER_ERROR);
                                          ^~~~~~~~~~~~~~~~~
/home/vldb/git/mysql-57-nvdimm-caching/rapid/plugin/group_replication/src/group_partition_handling.cc:106:3: error: ‘Gcs_operations’ has not been declared
   Gcs_operations::enum_leave_state state= gcs_module->leave();
   ^~~~~~~~~~~~~~
/home/vldb/git/mysql-57-nvdimm-caching/rapid/plugin/group_replication/src/group_partition_handling.cc:110:11: error: ‘state’ was not declared in this scope
   switch (state)
           ^~~~~
/home/vldb/git/mysql-57-nvdimm-caching/rapid/plugin/group_replication/src/group_partition_handling.cc:110:11: note: suggested alternative: ‘stat’
   switch (state)
           ^~~~~
           stat
/home/vldb/git/mysql-57-nvdimm-caching/rapid/plugin/group_replication/src/group_partition_handling.cc:112:10: error: ‘Gcs_operations’ has not been declared
     case Gcs_operations::ERROR_WHEN_LEAVING:
          ^~~~~~~~~~~~~~
/home/vldb/git/mysql-57-nvdimm-caching/rapid/plugin/group_replication/src/group_partition_handling.cc:118:10: error: ‘Gcs_operations’ has not been declared
     case Gcs_operations::ALREADY_LEAVING:
          ^~~~~~~~~~~~~~
/home/vldb/git/mysql-57-nvdimm-caching/rapid/plugin/group_replication/src/group_partition_handling.cc:121:10: error: ‘Gcs_operations’ has not been declared
     case Gcs_operations::ALREADY_LEFT:
          ^~~~~~~~~~~~~~
/home/vldb/git/mysql-57-nvdimm-caching/rapid/plugin/group_replication/src/group_partition_handling.cc:124:10: error: ‘Gcs_operations’ has not been declared
     case Gcs_operations::NOW_LEAVING:
          ^~~~~~~~~~~~~~
/home/vldb/git/mysql-57-nvdimm-caching/rapid/plugin/group_replication/src/group_partition_handling.cc:143:3: error: ‘blocked_transaction_handler’ was not declared in this scope
   blocked_transaction_handler->unblock_waiting_transactions();
   ^~~~~~~~~~~~~~~~~~~~~~~~~~~
/home/vldb/git/mysql-57-nvdimm-caching/rapid/plugin/group_replication/src/group_partition_handling.cc:143:3: note: suggested alternative: ‘Blocked_transaction_handler’
   blocked_transaction_handler->unblock_waiting_transactions();
   ^~~~~~~~~~~~~~~~~~~~~~~~~~~
   Blocked_transaction_handler
/home/vldb/git/mysql-57-nvdimm-caching/rapid/plugin/group_replication/src/group_partition_handling.cc:151:7: error: ‘exit_state_action_var’ was not declared in this scope
   if (exit_state_action_var == EXIT_STATE_ACTION_ABORT_SERVER)
       ^~~~~~~~~~~~~~~~~~~~~
/home/vldb/git/mysql-57-nvdimm-caching/rapid/plugin/group_replication/src/gcs_operations.cc:301:28: note: suggested alternative: ‘group_name’
     std::string group_name(group_name_var);
                            ^~~~~~~~~~~~~~
                            group_name
/home/vldb/git/mysql-57-nvdimm-caching/rapid/plugin/group_replication/src/gcs_operations.cc: In member function ‘int Gcs_operations::get_local_member_identifier(std::__cxx11::string&)’:
/home/vldb/git/mysql-57-nvdimm-caching/rapid/plugin/group_replication/src/gcs_operations.cc:324:28: error: ‘group_name_var’ was not declared in this scope
     std::string group_name(group_name_var);
                            ^~~~~~~~~~~~~~
/home/vldb/git/mysql-57-nvdimm-caching/rapid/plugin/group_replication/src/gcs_event_handlers.cc:95:9: note: suggested alternative: ‘Group_member_info’
   if ( (local_member_info->get_recovery_status() == Group_member_info::MEMBER_IN_RECOVERY ||
         ^~~~~~~~~~~~~~~~~
         Group_member_info
/home/vldb/git/mysql-57-nvdimm-caching/rapid/plugin/group_replication/src/gcs_event_handlers.cc: In member function ‘void Plugin_gcs_events_handler::handle_recovery_message(const Gcs_message&) const’:
/home/vldb/git/mysql-57-nvdimm-caching/rapid/plugin/group_replication/src/gcs_event_handlers.cc:150:39: error: ‘local_member_info’ was not declared in this scope
   bool is_local= !member_uuid.compare(local_member_info->get_uuid());
                                       ^~~~~~~~~~~~~~~~~
/home/vldb/git/mysql-57-nvdimm-caching/rapid/plugin/group_replication/src/delayed_plugin_initialization.cc:164:12: error: ‘initialize_plugin_and_join’ was not declared in this scope
     error= initialize_plugin_and_join(PSESSION_INIT_THREAD, this);
            ^~~~~~~~~~~~~~~~~~~~~~~~~~
/home/vldb/git/mysql-57-nvdimm-caching/rapid/plugin/group_replication/src/gcs_operations.cc:324:28: note: suggested alternative: ‘group_name’
     std::string group_name(group_name_var);
                            ^~~~~~~~~~~~~~
                            group_name
/home/vldb/git/mysql-57-nvdimm-caching/rapid/plugin/group_replication/src/gcs_operations.cc: In member function ‘enum_gcs_error Gcs_operations::send_message(const Plugin_gcs_message&, bool)’:
/home/vldb/git/mysql-57-nvdimm-caching/rapid/plugin/group_replication/src/gcs_operations.cc:360:26: error: ‘group_name_var’ was not declared in this scope
   std::string group_name(group_name_var);
                          ^~~~~~~~~~~~~~
/home/vldb/git/mysql-57-nvdimm-caching/rapid/plugin/group_replication/src/gcs_operations.cc:360:26: note: suggested alternative: ‘group_name’
   std::string group_name(group_name_var);
                          ^~~~~~~~~~~~~~
                          group_name
/home/vldb/git/mysql-57-nvdimm-caching/rapid/plugin/group_replication/src/gcs_event_handlers.cc:150:39: note: suggested alternative: ‘Group_member_info’
   bool is_local= !member_uuid.compare(local_member_info->get_uuid());
                                       ^~~~~~~~~~~~~~~~~
                                       Group_member_info
/home/vldb/git/mysql-57-nvdimm-caching/rapid/plugin/group_replication/src/gcs_operations.cc: In member function ‘int Gcs_operations::force_members(const char*)’:
/home/vldb/git/mysql-57-nvdimm-caching/rapid/plugin/group_replication/src/gcs_operations.cc:408:7: error: ‘local_member_info’ was not declared in this scope
   if (local_member_info->get_recovery_status() == Group_member_info::MEMBER_ONLINE)
       ^~~~~~~~~~~~~~~~~
/home/vldb/git/mysql-57-nvdimm-caching/rapid/plugin/group_replication/src/gcs_event_handlers.cc:187:5: error: ‘group_member_mgr’ was not declared in this scope
     group_member_mgr->update_member_status(member_uuid,
     ^~~~~~~~~~~~~~~~
/home/vldb/git/mysql-57-nvdimm-caching/rapid/plugin/group_replication/src/group_partition_handling.cc:151:32: error: ‘EXIT_STATE_ACTION_ABORT_SERVER’ was not declared in this scope
   if (exit_state_action_var == EXIT_STATE_ACTION_ABORT_SERVER)
                                ^~~~~~~~~~~~~~~~~~~~~~~~~~~~~~
/home/vldb/git/mysql-57-nvdimm-caching/rapid/plugin/group_replication/src/gcs_event_handlers.cc:187:5: note: suggested alternative: ‘group_member’
     group_member_mgr->update_member_status(member_uuid,
     ^~~~~~~~~~~~~~~~
     group_member
/home/vldb/git/mysql-57-nvdimm-caching/rapid/plugin/group_replication/src/gcs_event_handlers.cc:192:37: error: ‘group_member_mgr’ was not declared in this scope
     Group_member_info* member_info= group_member_mgr->get_group_member_info(member_uuid);
                                     ^~~~~~~~~~~~~~~~
/home/vldb/git/mysql-57-nvdimm-caching/rapid/plugin/group_replication/src/gcs_operations.cc:408:7: note: suggested alternative: ‘PSI_memory_info’
   if (local_member_info->get_recovery_status() == Group_member_info::MEMBER_ONLINE)
       ^~~~~~~~~~~~~~~~~
       PSI_memory_info
/home/vldb/git/mysql-57-nvdimm-caching/rapid/plugin/group_replication/src/gcs_operations.cc:408:51: error: ‘Group_member_info’ has not been declared
   if (local_member_info->get_recovery_status() == Group_member_info::MEMBER_ONLINE)
                                                   ^~~~~~~~~~~~~~~~~
/home/vldb/git/mysql-57-nvdimm-caching/rapid/plugin/group_replication/src/gcs_operations.cc:410:30: error: ‘group_name_var’ was not declared in this scope
     std::string group_id_str(group_name_var);
                              ^~~~~~~~~~~~~~
/home/vldb/git/mysql-57-nvdimm-caching/rapid/plugin/group_replication/src/gcs_event_handlers.cc:192:37: note: suggested alternative: ‘group_member’
     Group_member_info* member_info= group_member_mgr->get_group_member_info(member_uuid);
                                     ^~~~~~~~~~~~~~~~
                                     group_member
/home/vldb/git/mysql-57-nvdimm-caching/rapid/plugin/group_replication/src/gcs_event_handlers.cc: In member function ‘virtual void Plugin_gcs_events_handler::on_suspicions(const std::vector<Gcs_member_identifier>&, const std::vector<Gcs_member_identifier>&) const’:
/home/vldb/git/mysql-57-nvdimm-caching/rapid/plugin/group_replication/src/gcs_event_handlers.cc:286:9: error: ‘group_member_mgr’ was not declared in this scope
         group_member_mgr->get_group_member_info_by_member_id(member);
         ^~~~~~~~~~~~~~~~
/home/vldb/git/mysql-57-nvdimm-caching/rapid/plugin/group_replication/src/gcs_operations.cc:410:30: note: suggested alternative: ‘group_member’
     std::string group_id_str(group_name_var);
                              ^~~~~~~~~~~~~~
                              group_member
/home/vldb/git/mysql-57-nvdimm-caching/rapid/plugin/group_replication/src/gcs_operations.cc:425:5: error: ‘view_change_notifier’ was not declared in this scope
     view_change_notifier->start_injected_view_modification();
     ^~~~~~~~~~~~~~~~~~~~
/home/vldb/git/mysql-57-nvdimm-caching/rapid/plugin/group_replication/src/gcs_event_handlers.cc:286:9: note: suggested alternative: ‘group_member’
         group_member_mgr->get_group_member_info_by_member_id(member);
         ^~~~~~~~~~~~~~~~
         group_member
/home/vldb/git/mysql-57-nvdimm-caching/rapid/plugin/group_replication/src/gcs_event_handlers.cc:318:10: error: ‘group_partition_handler’ was not declared in this scope
     if (!group_partition_handler->get_timeout_on_unreachable())
          ^~~~~~~~~~~~~~~~~~~~~~~
/home/vldb/git/mysql-57-nvdimm-caching/rapid/plugin/group_replication/src/applier.cc: In member function ‘virtual int Applier_module::purge_applier_queue_and_restart_applier_module()’:
/home/vldb/git/mysql-57-nvdimm-caching/rapid/plugin/group_replication/src/applier.cc:114:3: error: ‘channel_observation_manager’ was not declared in this scope
   channel_observation_manager->unregister_channel_observer(applier_channel_observer);
   ^~~~~~~~~~~~~~~~~~~~~~~~~~~
/home/vldb/git/mysql-57-nvdimm-caching/rapid/plugin/group_replication/src/group_partition_handling.cc: In member function ‘int Group_partition_handling::terminate_partition_handler_thread()’:
/home/vldb/git/mysql-57-nvdimm-caching/rapid/plugin/group_replication/src/group_partition_handling.cc:232:28: error: ‘TRANSACTION_KILL_TIMEOUT’ was not declared in this scope
   ulong stop_wait_timeout= TRANSACTION_KILL_TIMEOUT;
                            ^~~~~~~~~~~~~~~~~~~~~~~~
/home/vldb/git/mysql-57-nvdimm-caching/rapid/plugin/group_replication/src/gcs_operations.cc:425:5: note: suggested alternative: ‘View_change_log_event’
     view_change_notifier->start_injected_view_modification();
     ^~~~~~~~~~~~~~~~~~~~
     View_change_log_event
/home/vldb/git/mysql-57-nvdimm-caching/rapid/plugin/group_replication/src/applier.cc:114:3: note: suggested alternative: ‘Channel_observation_manager’
   channel_observation_manager->unregister_channel_observer(applier_channel_observer);
   ^~~~~~~~~~~~~~~~~~~~~~~~~~~
   Channel_observation_manager
/home/vldb/git/mysql-57-nvdimm-caching/rapid/plugin/group_replication/src/applier.cc: In member function ‘int Applier_module::applier_thread_handle()’:
/home/vldb/git/mysql-57-nvdimm-caching/rapid/plugin/group_replication/src/applier.cc:391:3: error: ‘channel_observation_manager’ was not declared in this scope
   channel_observation_manager
   ^~~~~~~~~~~~~~~~~~~~~~~~~~~
/home/vldb/git/mysql-57-nvdimm-caching/rapid/plugin/group_replication/src/applier.cc:391:3: note: suggested alternative: ‘Channel_observation_manager’
   channel_observation_manager
   ^~~~~~~~~~~~~~~~~~~~~~~~~~~
   Channel_observation_manager
/home/vldb/git/mysql-57-nvdimm-caching/rapid/plugin/group_replication/src/applier.cc:478:3: error: ‘Gcs_interface_factory’ has not been declared
   Gcs_interface_factory::cleanup(Gcs_operations::get_gcs_engine());
   ^~~~~~~~~~~~~~~~~~~~~
/home/vldb/git/mysql-57-nvdimm-caching/rapid/plugin/group_replication/src/applier.cc:478:34: error: ‘Gcs_operations’ has not been declared
   Gcs_interface_factory::cleanup(Gcs_operations::get_gcs_engine());
                                  ^~~~~~~~~~~~~~
/home/vldb/git/mysql-57-nvdimm-caching/rapid/plugin/group_replication/src/gcs_event_handlers.cc:318:10: note: suggested alternative: ‘Partition_handler’
     if (!group_partition_handler->get_timeout_on_unreachable())
          ^~~~~~~~~~~~~~~~~~~~~~~
          Partition_handler
/home/vldb/git/mysql-57-nvdimm-caching/rapid/plugin/group_replication/src/gcs_event_handlers.cc:337:10: error: ‘group_partition_handler’ was not declared in this scope
     if (!group_partition_handler->is_partition_handler_running() &&
          ^~~~~~~~~~~~~~~~~~~~~~~
/home/vldb/git/mysql-57-nvdimm-caching/rapid/plugin/group_replication/src/applier.cc: In member function ‘void Applier_module::leave_group_on_failure()’:
/home/vldb/git/mysql-57-nvdimm-caching/rapid/plugin/group_replication/src/applier.cc:682:3: error: ‘group_member_mgr’ was not declared in this scope
   group_member_mgr->update_member_status(local_member_info->get_uuid(),
   ^~~~~~~~~~~~~~~~
/home/vldb/git/mysql-57-nvdimm-caching/rapid/plugin/group_replication/src/applier.cc:682:3: note: suggested alternative: ‘group_member’
   group_member_mgr->update_member_status(local_member_info->get_uuid(),
   ^~~~~~~~~~~~~~~~
   group_member
/home/vldb/git/mysql-57-nvdimm-caching/rapid/plugin/group_replication/src/applier.cc:682:42: error: ‘local_member_info’ was not declared in this scope
   group_member_mgr->update_member_status(local_member_info->get_uuid(),
                                          ^~~~~~~~~~~~~~~~~
/home/vldb/git/mysql-57-nvdimm-caching/rapid/plugin/group_replication/src/group_partition_handling.cc:232:28: note: suggested alternative: ‘TRANSACTION_INFO_TRACKER’
   ulong stop_wait_timeout= TRANSACTION_KILL_TIMEOUT;
                            ^~~~~~~~~~~~~~~~~~~~~~~~
                            TRANSACTION_INFO_TRACKER
/home/vldb/git/mysql-57-nvdimm-caching/rapid/plugin/group_replication/src/gcs_event_handlers.cc:337:10: note: suggested alternative: ‘Partition_handler’
     if (!group_partition_handler->is_partition_handler_running() &&
          ^~~~~~~~~~~~~~~~~~~~~~~
          Partition_handler
/home/vldb/git/mysql-57-nvdimm-caching/rapid/plugin/group_replication/src/gcs_event_handlers.cc:347:9: error: ‘group_partition_handler’ was not declared in this scope
     if (group_partition_handler->is_member_on_partition())
         ^~~~~~~~~~~~~~~~~~~~~~~
/home/vldb/git/mysql-57-nvdimm-caching/rapid/plugin/group_replication/src/applier.cc:682:42: note: suggested alternative: ‘Group_member_info’
   group_member_mgr->update_member_status(local_member_info->get_uuid(),
                                          ^~~~~~~~~~~~~~~~~
                                          Group_member_info
/home/vldb/git/mysql-57-nvdimm-caching/rapid/plugin/group_replication/src/applier.cc:686:7: error: ‘view_change_notifier’ was not declared in this scope
   if (view_change_notifier != NULL &&
       ^~~~~~~~~~~~~~~~~~~~
rapid/plugin/group_replication/CMakeFiles/group_replication.dir/build.make:816: recipe for target 'rapid/plugin/group_replication/CMakeFiles/group_replication.dir/src/delayed_plugin_initialization.cc.o' failed
make[2]: *** [rapid/plugin/group_replication/CMakeFiles/group_replication.dir/src/delayed_plugin_initialization.cc.o] Error 1
/home/vldb/git/mysql-57-nvdimm-caching/rapid/plugin/group_replication/src/applier.cc:686:7: note: suggested alternative: ‘View_change_packet’
   if (view_change_notifier != NULL &&
       ^~~~~~~~~~~~~~~~~~~~
       View_change_packet
/home/vldb/git/mysql-57-nvdimm-caching/rapid/plugin/group_replication/src/applier.cc:691:3: error: ‘Gcs_operations’ has not been declared
   Gcs_operations::enum_leave_state state= gcs_module->leave();
   ^~~~~~~~~~~~~~
/home/vldb/git/mysql-57-nvdimm-caching/rapid/plugin/group_replication/src/gcs_event_handlers.cc:347:9: note: suggested alternative: ‘Partition_handler’
     if (group_partition_handler->is_member_on_partition())
         ^~~~~~~~~~~~~~~~~~~~~~~
         Partition_handler
/home/vldb/git/mysql-57-nvdimm-caching/rapid/plugin/group_replication/src/applier.cc:705:11: error: ‘state’ was not declared in this scope
   switch (state)
           ^~~~~
/home/vldb/git/mysql-57-nvdimm-caching/rapid/plugin/group_replication/src/gcs_event_handlers.cc: In member function ‘void Plugin_gcs_events_handler::get_hosts_from_view(const std::vector<Gcs_member_identifier>&, std::__cxx11::string&, std::__cxx11::string&) const’:
/home/vldb/git/mysql-57-nvdimm-caching/rapid/plugin/group_replication/src/gcs_event_handlers.cc:410:37: error: ‘group_member_mgr’ was not declared in this scope
     Group_member_info* member_info= group_member_mgr->
                                     ^~~~~~~~~~~~~~~~
/home/vldb/git/mysql-57-nvdimm-caching/rapid/plugin/group_replication/src/applier.cc:705:11: note: suggested alternative: ‘stat’
   switch (state)
           ^~~~~
           stat
/home/vldb/git/mysql-57-nvdimm-caching/rapid/plugin/group_replication/src/applier.cc:707:10: error: ‘Gcs_operations’ has not been declared
     case Gcs_operations::ERROR_WHEN_LEAVING:
          ^~~~~~~~~~~~~~
/home/vldb/git/mysql-57-nvdimm-caching/rapid/plugin/group_replication/src/applier.cc:712:10: error: ‘Gcs_operations’ has not been declared
     case Gcs_operations::ALREADY_LEAVING:
          ^~~~~~~~~~~~~~
/home/vldb/git/mysql-57-nvdimm-caching/rapid/plugin/group_replication/src/applier.cc:715:10: error: ‘Gcs_operations’ has not been declared
     case Gcs_operations::ALREADY_LEFT:
          ^~~~~~~~~~~~~~
/home/vldb/git/mysql-57-nvdimm-caching/rapid/plugin/group_replication/src/applier.cc:718:10: error: ‘Gcs_operations’ has not been declared
     case Gcs_operations::NOW_LEAVING:
          ^~~~~~~~~~~~~~
/home/vldb/git/mysql-57-nvdimm-caching/rapid/plugin/group_replication/src/applier.cc: In member function ‘virtual void Applier_module::kill_pending_transactions(bool, bool)’:
/home/vldb/git/mysql-57-nvdimm-caching/rapid/plugin/group_replication/src/applier.cc:740:3: error: ‘blocked_transaction_handler’ was not declared in this scope
   blocked_transaction_handler->unblock_waiting_transactions();
   ^~~~~~~~~~~~~~~~~~~~~~~~~~~
/home/vldb/git/mysql-57-nvdimm-caching/rapid/plugin/group_replication/src/applier.cc:740:3: note: suggested alternative: ‘Blocked_transaction_handler’
   blocked_transaction_handler->unblock_waiting_transactions();
   ^~~~~~~~~~~~~~~~~~~~~~~~~~~
   Blocked_transaction_handler
/home/vldb/git/mysql-57-nvdimm-caching/rapid/plugin/group_replication/src/applier.cc:748:31: error: ‘PSESSION_INIT_THREAD’ was not declared in this scope
       enable_server_read_mode(PSESSION_INIT_THREAD);
                               ^~~~~~~~~~~~~~~~~~~~
/home/vldb/git/mysql-57-nvdimm-caching/rapid/plugin/group_replication/src/gcs_event_handlers.cc:410:37: note: suggested alternative: ‘group_member’
     Group_member_info* member_info= group_member_mgr->
                                     ^~~~~~~~~~~~~~~~
                                     group_member
/home/vldb/git/mysql-57-nvdimm-caching/rapid/plugin/group_replication/src/gcs_event_handlers.cc: In member function ‘virtual void Plugin_gcs_events_handler::on_view_changed(const Gcs_view&, const Exchanged_data&) const’:
/home/vldb/git/mysql-57-nvdimm-caching/rapid/plugin/group_replication/src/gcs_event_handlers.cc:446:40: error: ‘local_member_info’ was not declared in this scope
                                        local_member_info->get_gcs_member_id());
                                        ^~~~~~~~~~~~~~~~~
rapid/plugin/group_replication/CMakeFiles/group_replication.dir/build.make:855: recipe for target 'rapid/plugin/group_replication/CMakeFiles/group_replication.dir/src/gcs_operations.cc.o' failed
make[2]: *** [rapid/plugin/group_replication/CMakeFiles/group_replication.dir/src/gcs_operations.cc.o] Error 1
/home/vldb/git/mysql-57-nvdimm-caching/rapid/plugin/group_replication/src/gcs_event_handlers.cc:446:40: note: suggested alternative: ‘Group_member_info’
                                        local_member_info->get_gcs_member_id());
                                        ^~~~~~~~~~~~~~~~~
                                        Group_member_info
/home/vldb/git/mysql-57-nvdimm-caching/rapid/plugin/group_replication/src/gcs_event_handlers.cc:470:22: error: ‘group_partition_handler’ was not declared in this scope
   if (!is_leaving && group_partition_handler->is_member_on_partition())
                      ^~~~~~~~~~~~~~~~~~~~~~~
/home/vldb/git/mysql-57-nvdimm-caching/rapid/plugin/group_replication/src/applier.cc:748:31: note: suggested alternative: ‘TEST_MIT_THREAD’
       enable_server_read_mode(PSESSION_INIT_THREAD);
                               ^~~~~~~~~~~~~~~~~~~~
                               TEST_MIT_THREAD
/home/vldb/git/mysql-57-nvdimm-caching/rapid/plugin/group_replication/src/applier.cc:748:7: error: ‘enable_server_read_mode’ was not declared in this scope
       enable_server_read_mode(PSESSION_INIT_THREAD);
       ^~~~~~~~~~~~~~~~~~~~~~~
/home/vldb/git/mysql-57-nvdimm-caching/rapid/plugin/group_replication/src/gcs_event_handlers.cc:470:22: note: suggested alternative: ‘Partition_handler’
   if (!is_leaving && group_partition_handler->is_member_on_partition())
                      ^~~~~~~~~~~~~~~~~~~~~~~
                      Partition_handler
/home/vldb/git/mysql-57-nvdimm-caching/rapid/plugin/group_replication/src/gcs_event_handlers.cc:494:22: error: ‘group_partition_handler’ was not declared in this scope
   if (!is_leaving && group_partition_handler->is_partition_handling_terminated())
                      ^~~~~~~~~~~~~~~~~~~~~~~
rapid/plugin/group_replication/CMakeFiles/group_replication.dir/build.make:894: recipe for target 'rapid/plugin/group_replication/CMakeFiles/group_replication.dir/src/group_partition_handling.cc.o' failed
make[2]: *** [rapid/plugin/group_replication/CMakeFiles/group_replication.dir/src/group_partition_handling.cc.o] Error 1
/home/vldb/git/mysql-57-nvdimm-caching/rapid/plugin/group_replication/src/applier.cc:748:7: note: suggested alternative: ‘enum_ha_read_modes’
       enable_server_read_mode(PSESSION_INIT_THREAD);
       ^~~~~~~~~~~~~~~~~~~~~~~
       enum_ha_read_modes
/home/vldb/git/mysql-57-nvdimm-caching/rapid/plugin/group_replication/src/applier.cc:750:31: error: ‘PSESSION_USE_THREAD’ was not declared in this scope
       enable_server_read_mode(PSESSION_USE_THREAD);
                               ^~~~~~~~~~~~~~~~~~~
/home/vldb/git/mysql-57-nvdimm-caching/rapid/plugin/group_replication/src/gcs_event_handlers.cc:494:22: note: suggested alternative: ‘Partition_handler’
   if (!is_leaving && group_partition_handler->is_partition_handling_terminated())
                      ^~~~~~~~~~~~~~~~~~~~~~~
                      Partition_handler
/home/vldb/git/mysql-57-nvdimm-caching/rapid/plugin/group_replication/src/gcs_event_handlers.cc:513:7: error: ‘group_member_mgr’ was not declared in this scope
       group_member_mgr->is_conflict_detection_enabled())
       ^~~~~~~~~~~~~~~~
/home/vldb/git/mysql-57-nvdimm-caching/rapid/plugin/group_replication/src/gcs_event_handlers.cc:513:7: note: suggested alternative: ‘group_member’
       group_member_mgr->is_conflict_detection_enabled())
       ^~~~~~~~~~~~~~~~
       group_member
/home/vldb/git/mysql-57-nvdimm-caching/rapid/plugin/group_replication/src/gcs_event_handlers.cc:534:5: error: ‘gcs_module’ was not declared in this scope
     gcs_module->leave_coordination_member_left();
     ^~~~~~~~~~
/home/vldb/git/mysql-57-nvdimm-caching/rapid/plugin/group_replication/src/applier.cc:750:31: note: suggested alternative: ‘CLONE_THREAD’
       enable_server_read_mode(PSESSION_USE_THREAD);
                               ^~~~~~~~~~~~~~~~~~~
                               CLONE_THREAD
/home/vldb/git/mysql-57-nvdimm-caching/rapid/plugin/group_replication/src/applier.cc:750:7: error: ‘enable_server_read_mode’ was not declared in this scope
       enable_server_read_mode(PSESSION_USE_THREAD);
       ^~~~~~~~~~~~~~~~~~~~~~~
/home/vldb/git/mysql-57-nvdimm-caching/rapid/plugin/group_replication/src/gcs_event_handlers.cc:534:5: note: suggested alternative: ‘old_mode’
     gcs_module->leave_coordination_member_left();
     ^~~~~~~~~~
     old_mode
/home/vldb/git/mysql-57-nvdimm-caching/rapid/plugin/group_replication/src/gcs_event_handlers.cc:546:21: error: ‘gcs_module’ was not declared in this scope
     Gcs_view *view= gcs_module->get_current_view();
                     ^~~~~~~~~~
/home/vldb/git/mysql-57-nvdimm-caching/rapid/plugin/group_replication/src/gcs_event_handlers.cc:546:21: note: suggested alternative: ‘old_mode’
     Gcs_view *view= gcs_module->get_current_view();
                     ^~~~~~~~~~
                     old_mode
/home/vldb/git/mysql-57-nvdimm-caching/rapid/plugin/group_replication/src/gcs_event_handlers.cc:555:17: error: ‘group_member_mgr’ was not declared in this scope
                 group_member_mgr->get_string_current_view_active_hosts().c_str(),
                 ^~~~~~~~~~~~~~~~
/home/vldb/git/mysql-57-nvdimm-caching/rapid/plugin/group_replication/src/gcs_event_handlers.cc:555:17: note: suggested alternative: ‘group_member’
                 group_member_mgr->get_string_current_view_active_hosts().c_str(),
                 ^~~~~~~~~~~~~~~~
                 group_member
/home/vldb/git/mysql-57-nvdimm-caching/rapid/plugin/group_replication/src/gcs_event_handlers.cc: In member function ‘bool Plugin_gcs_events_handler::was_member_expelled_from_group(const Gcs_view&) const’:
/home/vldb/git/mysql-57-nvdimm-caching/rapid/plugin/group_replication/src/gcs_event_handlers.cc:580:5: error: ‘group_member_mgr’ was not declared in this scope
     group_member_mgr->update(&to_update);
     ^~~~~~~~~~~~~~~~
/home/vldb/git/mysql-57-nvdimm-caching/rapid/plugin/group_replication/src/gcs_event_handlers.cc:580:5: note: suggested alternative: ‘group_member’
     group_member_mgr->update(&to_update);
     ^~~~~~~~~~~~~~~~
     group_member
/home/vldb/git/mysql-57-nvdimm-caching/rapid/plugin/group_replication/src/gcs_event_handlers.cc:581:44: error: ‘local_member_info’ was not declared in this scope
     group_member_mgr->update_member_status(local_member_info->get_uuid(),
                                            ^~~~~~~~~~~~~~~~~
/home/vldb/git/mysql-57-nvdimm-caching/rapid/plugin/group_replication/src/applier.cc:750:7: note: suggested alternative: ‘enum_ha_read_modes’
       enable_server_read_mode(PSESSION_USE_THREAD);
       ^~~~~~~~~~~~~~~~~~~~~~~
       enum_ha_read_modes
/home/vldb/git/mysql-57-nvdimm-caching/rapid/plugin/group_replication/src/applier.cc:753:7: error: ‘view_change_notifier’ was not declared in this scope
   if (view_change_notifier != NULL)
       ^~~~~~~~~~~~~~~~~~~~
/home/vldb/git/mysql-57-nvdimm-caching/rapid/plugin/group_replication/src/gcs_event_handlers.cc:581:44: note: suggested alternative: ‘Group_member_info’
     group_member_mgr->update_member_status(local_member_info->get_uuid(),
                                            ^~~~~~~~~~~~~~~~~
                                            Group_member_info
/home/vldb/git/mysql-57-nvdimm-caching/rapid/plugin/group_replication/src/gcs_event_handlers.cc: In member function ‘void Plugin_gcs_events_handler::handle_leader_election_if_needed() const’:
/home/vldb/git/mysql-57-nvdimm-caching/rapid/plugin/group_replication/src/gcs_event_handlers.cc:670:8: error: ‘local_member_info’ was not declared in this scope
   if (!local_member_info->in_primary_mode())
        ^~~~~~~~~~~~~~~~~
/home/vldb/git/mysql-57-nvdimm-caching/rapid/plugin/group_replication/src/applier.cc:753:7: note: suggested alternative: ‘View_change_packet’
   if (view_change_notifier != NULL)
       ^~~~~~~~~~~~~~~~~~~~
       View_change_packet
/home/vldb/git/mysql-57-nvdimm-caching/rapid/plugin/group_replication/src/applier.cc:772:7: error: ‘exit_state_action_var’ was not declared in this scope
       exit_state_action_var == EXIT_STATE_ACTION_ABORT_SERVER)
       ^~~~~~~~~~~~~~~~~~~~~
/home/vldb/git/mysql-57-nvdimm-caching/rapid/plugin/group_replication/src/gcs_event_handlers.cc:670:8: note: suggested alternative: ‘Group_member_info’
   if (!local_member_info->in_primary_mode())
        ^~~~~~~~~~~~~~~~~
        Group_member_info
/home/vldb/git/mysql-57-nvdimm-caching/rapid/plugin/group_replication/src/gcs_event_handlers.cc:679:5: error: ‘group_member_mgr’ was not declared in this scope
     group_member_mgr->get_all_members();
     ^~~~~~~~~~~~~~~~
/home/vldb/git/mysql-57-nvdimm-caching/rapid/plugin/group_replication/src/gcs_event_handlers.cc:679:5: note: suggested alternative: ‘group_member’
     group_member_mgr->get_all_members();
     ^~~~~~~~~~~~~~~~
     group_member
/home/vldb/git/mysql-57-nvdimm-caching/rapid/plugin/group_replication/src/gcs_event_handlers.cc:717:37: error: ‘local_member_info’ was not declared in this scope
     if (!member->get_uuid().compare(local_member_info->get_uuid()))
                                     ^~~~~~~~~~~~~~~~~
/home/vldb/git/mysql-57-nvdimm-caching/rapid/plugin/group_replication/src/applier.cc:772:32: error: ‘EXIT_STATE_ACTION_ABORT_SERVER’ was not declared in this scope
       exit_state_action_var == EXIT_STATE_ACTION_ABORT_SERVER)
                                ^~~~~~~~~~~~~~~~~~~~~~~~~~~~~~
/home/vldb/git/mysql-57-nvdimm-caching/rapid/plugin/group_replication/src/gcs_event_handlers.cc:717:37: note: suggested alternative: ‘Group_member_info’
     if (!member->get_uuid().compare(local_member_info->get_uuid()))
                                     ^~~~~~~~~~~~~~~~~
                                     Group_member_info
/home/vldb/git/mysql-57-nvdimm-caching/rapid/plugin/group_replication/src/gcs_event_handlers.cc:732:42: error: ‘get_plugin_pointer’ was not declared in this scope
                                          get_plugin_pointer()) ||
                                          ^~~~~~~~~~~~~~~~~~
/home/vldb/git/mysql-57-nvdimm-caching/rapid/plugin/group_replication/src/gcs_event_handlers.cc:732:42: note: suggested alternative: ‘st_plugin_int’
                                          get_plugin_pointer()) ||
                                          ^~~~~~~~~~~~~~~~~~
                                          st_plugin_int
/home/vldb/git/mysql-57-nvdimm-caching/rapid/plugin/group_replication/src/gcs_event_handlers.cc:776:58: error: ‘local_member_info’ was not declared in this scope
       const bool is_primary_local= !primary_uuid.compare(local_member_info->get_uuid());
                                                          ^~~~~~~~~~~~~~~~~
/home/vldb/git/mysql-57-nvdimm-caching/rapid/plugin/group_replication/src/gcs_event_handlers.cc:776:58: note: suggested alternative: ‘Group_member_info’
       const bool is_primary_local= !primary_uuid.compare(local_member_info->get_uuid());
                                                          ^~~~~~~~~~~~~~~~~
                                                          Group_member_info
/home/vldb/git/mysql-57-nvdimm-caching/rapid/plugin/group_replication/src/gcs_event_handlers.cc: In member function ‘int Plugin_gcs_events_handler::update_group_info_manager(const Gcs_view&, const Exchanged_data&, bool, bool) const’:
/home/vldb/git/mysql-57-nvdimm-caching/rapid/plugin/group_replication/src/gcs_event_handlers.cc:908:3: error: ‘group_member_mgr’ was not declared in this scope
   group_member_mgr->update(&to_update);
   ^~~~~~~~~~~~~~~~
/home/vldb/git/mysql-57-nvdimm-caching/rapid/plugin/group_replication/src/applier.cc: In member function ‘int Applier_module::check_single_primary_queue_status()’:
/home/vldb/git/mysql-57-nvdimm-caching/rapid/plugin/group_replication/src/applier.cc:966:7: error: ‘local_member_info’ was not declared in this scope
       local_member_info->in_primary_mode() &&
       ^~~~~~~~~~~~~~~~~
/home/vldb/git/mysql-57-nvdimm-caching/rapid/plugin/group_replication/src/gcs_event_handlers.cc:908:3: note: suggested alternative: ‘group_member’
   group_member_mgr->update(&to_update);
   ^~~~~~~~~~~~~~~~
   group_member
/home/vldb/git/mysql-57-nvdimm-caching/rapid/plugin/group_replication/src/gcs_event_handlers.cc: In member function ‘void Plugin_gcs_events_handler::handle_joining_members(const Gcs_view&, bool, bool) const’:
/home/vldb/git/mysql-57-nvdimm-caching/rapid/plugin/group_replication/src/gcs_event_handlers.cc:966:7: error: ‘group_member_mgr’ was not declared in this scope
       group_member_mgr->update_member_status(local_member_info->get_uuid(),
       ^~~~~~~~~~~~~~~~
/home/vldb/git/mysql-57-nvdimm-caching/rapid/plugin/group_replication/src/gcs_event_handlers.cc:966:7: note: suggested alternative: ‘group_member’
       group_member_mgr->update_member_status(local_member_info->get_uuid(),
       ^~~~~~~~~~~~~~~~
       group_member
/home/vldb/git/mysql-57-nvdimm-caching/rapid/plugin/group_replication/src/gcs_event_handlers.cc:966:46: error: ‘local_member_info’ was not declared in this scope
       group_member_mgr->update_member_status(local_member_info->get_uuid(),
                                              ^~~~~~~~~~~~~~~~~
/home/vldb/git/mysql-57-nvdimm-caching/rapid/plugin/group_replication/src/applier.cc:966:7: note: suggested alternative: ‘Group_member_info’
       local_member_info->in_primary_mode() &&
       ^~~~~~~~~~~~~~~~~
       Group_member_info
/home/vldb/git/mysql-57-nvdimm-caching/rapid/plugin/group_replication/src/applier.cc:972:9: error: ‘gcs_module’ was not declared in this scope
     if (gcs_module->send_message(single_primary_message))
         ^~~~~~~~~~
/home/vldb/git/mysql-57-nvdimm-caching/rapid/plugin/group_replication/src/applier.cc:972:9: note: suggested alternative: ‘old_mode’
     if (gcs_module->send_message(single_primary_message))
         ^~~~~~~~~~
         old_mode
/home/vldb/git/mysql-57-nvdimm-caching/rapid/plugin/group_replication/src/gcs_event_handlers.cc:966:46: note: suggested alternative: ‘Group_member_info’
       group_member_mgr->update_member_status(local_member_info->get_uuid(),
                                              ^~~~~~~~~~~~~~~~~
                                              Group_member_info
/home/vldb/git/mysql-57-nvdimm-caching/rapid/plugin/group_replication/src/gcs_event_handlers.cc: In member function ‘void Plugin_gcs_events_handler::handle_leaving_members(const Gcs_view&, bool, bool) const’:
/home/vldb/git/mysql-57-nvdimm-caching/rapid/plugin/group_replication/src/gcs_event_handlers.cc:1081:7: error: ‘local_member_info’ was not declared in this scope
       local_member_info->get_recovery_status();
       ^~~~~~~~~~~~~~~~~
/home/vldb/git/mysql-57-nvdimm-caching/rapid/plugin/group_replication/src/gcs_event_handlers.cc:1081:7: note: suggested alternative: ‘Group_member_info’
       local_member_info->get_recovery_status();
       ^~~~~~~~~~~~~~~~~
       Group_member_info
/home/vldb/git/mysql-57-nvdimm-caching/rapid/plugin/group_replication/src/gcs_event_handlers.cc: In member function ‘int Plugin_gcs_events_handler::process_local_exchanged_data(const Exchanged_data&, bool) const’:
/home/vldb/git/mysql-57-nvdimm-caching/rapid/plugin/group_replication/src/gcs_event_handlers.cc:1149:40: error: ‘group_member_mgr’ was not declared in this scope
       Group_member_info * member_info= group_member_mgr->get_group_member_info_by_member_id(*member_id);
                                        ^~~~~~~~~~~~~~~~
/home/vldb/git/mysql-57-nvdimm-caching/rapid/plugin/group_replication/src/gcs_event_handlers.cc:1149:40: note: suggested alternative: ‘group_member’
       Group_member_info * member_info= group_member_mgr->get_group_member_info_by_member_id(*member_id);
                                        ^~~~~~~~~~~~~~~~
                                        group_member
/home/vldb/git/mysql-57-nvdimm-caching/rapid/plugin/group_replication/src/gcs_event_handlers.cc:1164:9: error: ‘group_member_mgr’ was not declared in this scope
         group_member_mgr->decode(data, length);
         ^~~~~~~~~~~~~~~~
/home/vldb/git/mysql-57-nvdimm-caching/rapid/plugin/group_replication/src/gcs_event_handlers.cc:1164:9: note: suggested alternative: ‘group_member’
         group_member_mgr->decode(data, length);
         ^~~~~~~~~~~~~~~~
         group_member
/home/vldb/git/mysql-57-nvdimm-caching/rapid/plugin/group_replication/src/gcs_event_handlers.cc:1172:11: error: ‘local_member_info’ was not declared in this scope
       if (local_member_info->get_uuid() == (*member_infos_it)->get_uuid())
           ^~~~~~~~~~~~~~~~~
/home/vldb/git/mysql-57-nvdimm-caching/rapid/plugin/group_replication/src/gcs_event_handlers.cc:1172:11: note: suggested alternative: ‘Group_member_info’
       if (local_member_info->get_uuid() == (*member_infos_it)->get_uuid())
           ^~~~~~~~~~~~~~~~~
           Group_member_info
/home/vldb/git/mysql-57-nvdimm-caching/rapid/plugin/group_replication/src/gcs_event_handlers.cc:1202:21: error: ‘local_member_info’ was not declared in this scope
                     local_member_info->get_uuid().c_str());
                     ^~~~~~~~~~~~~~~~~
/home/vldb/git/mysql-57-nvdimm-caching/rapid/plugin/group_replication/src/gcs_event_handlers.cc:1202:21: note: suggested alternative: ‘Group_member_info’
                     local_member_info->get_uuid().c_str());
                     ^~~~~~~~~~~~~~~~~
                     Group_member_info
/home/vldb/git/mysql-57-nvdimm-caching/rapid/plugin/group_replication/src/gcs_event_handlers.cc: In member function ‘virtual Gcs_message_data* Plugin_gcs_events_handler::get_exchangeable_data() const’:
/home/vldb/git/mysql-57-nvdimm-caching/rapid/plugin/group_replication/src/gcs_event_handlers.cc:1235:40: error: ‘get_plugin_pointer’ was not declared in this scope
                                        get_plugin_pointer()) ||
                                        ^~~~~~~~~~~~~~~~~~
/home/vldb/git/mysql-57-nvdimm-caching/rapid/plugin/group_replication/src/gcs_event_handlers.cc:1235:40: note: suggested alternative: ‘st_plugin_int’
                                        get_plugin_pointer()) ||
                                        ^~~~~~~~~~~~~~~~~~
                                        st_plugin_int
/home/vldb/git/mysql-57-nvdimm-caching/rapid/plugin/group_replication/src/gcs_event_handlers.cc:1259:3: error: ‘group_member_mgr’ was not declared in this scope
   group_member_mgr->update_gtid_sets(local_member_info->get_uuid(),
   ^~~~~~~~~~~~~~~~
/home/vldb/git/mysql-57-nvdimm-caching/rapid/plugin/group_replication/src/gcs_event_handlers.cc:1259:3: note: suggested alternative: ‘group_member’
   group_member_mgr->update_gtid_sets(local_member_info->get_uuid(),
   ^~~~~~~~~~~~~~~~
   group_member
/home/vldb/git/mysql-57-nvdimm-caching/rapid/plugin/group_replication/src/gcs_event_handlers.cc:1259:38: error: ‘local_member_info’ was not declared in this scope
   group_member_mgr->update_gtid_sets(local_member_info->get_uuid(),
                                      ^~~~~~~~~~~~~~~~~
rapid/plugin/group_replication/CMakeFiles/group_replication.dir/build.make:764: recipe for target 'rapid/plugin/group_replication/CMakeFiles/group_replication.dir/src/applier.cc.o' failed
make[2]: *** [rapid/plugin/group_replication/CMakeFiles/group_replication.dir/src/applier.cc.o] Error 1
/home/vldb/git/mysql-57-nvdimm-caching/rapid/plugin/group_replication/src/gcs_event_handlers.cc:1259:38: note: suggested alternative: ‘Group_member_info’
   group_member_mgr->update_gtid_sets(local_member_info->get_uuid(),
                                      ^~~~~~~~~~~~~~~~~
                                      Group_member_info
/home/vldb/git/mysql-57-nvdimm-caching/rapid/plugin/group_replication/src/gcs_event_handlers.cc: In member function ‘void Plugin_gcs_events_handler::update_member_status(const std::vector<Gcs_member_identifier>&, Group_member_info::Group_member_status, Group_member_info::Group_member_status, Group_member_info::Group_member_status) const’:
/home/vldb/git/mysql-57-nvdimm-caching/rapid/plugin/group_replication/src/gcs_event_handlers.cc:1294:9: error: ‘group_member_mgr’ was not declared in this scope
         group_member_mgr->get_group_member_info_by_member_id(member);
         ^~~~~~~~~~~~~~~~
/home/vldb/git/mysql-57-nvdimm-caching/rapid/plugin/group_replication/src/gcs_event_handlers.cc:1294:9: note: suggested alternative: ‘group_member’
         group_member_mgr->get_group_member_info_by_member_id(member);
         ^~~~~~~~~~~~~~~~
         group_member
/home/vldb/git/mysql-57-nvdimm-caching/rapid/plugin/group_replication/src/gcs_event_handlers.cc: In member function ‘int Plugin_gcs_events_handler::check_group_compatibility(size_t) const’:
/home/vldb/git/mysql-57-nvdimm-caching/rapid/plugin/group_replication/src/gcs_event_handlers.cc:1385:10: error: ‘get_allow_local_disjoint_gtids_join’ was not declared in this scope
       if(get_allow_local_disjoint_gtids_join())
          ^~~~~~~~~~~~~~~~~~~~~~~~~~~~~~~~~~~
/home/vldb/git/mysql-57-nvdimm-caching/rapid/plugin/group_replication/src/gcs_event_handlers.cc:1405:10: error: ‘get_allow_local_disjoint_gtids_join’ was not declared in this scope
       if(get_allow_local_disjoint_gtids_join())
          ^~~~~~~~~~~~~~~~~~~~~~~~~~~~~~~~~~~
/home/vldb/git/mysql-57-nvdimm-caching/rapid/plugin/group_replication/src/gcs_event_handlers.cc: In member function ‘Compatibility_type Plugin_gcs_events_handler::check_version_compatibility_with_group() const’:
/home/vldb/git/mysql-57-nvdimm-caching/rapid/plugin/group_replication/src/gcs_event_handlers.cc:1437:49: error: ‘group_member_mgr’ was not declared in this scope
   std::vector<Group_member_info*> *all_members= group_member_mgr->get_all_members();
                                                 ^~~~~~~~~~~~~~~~
/home/vldb/git/mysql-57-nvdimm-caching/rapid/plugin/group_replication/src/gcs_event_handlers.cc:1437:49: note: suggested alternative: ‘group_member’
   std::vector<Group_member_info*> *all_members= group_member_mgr->get_all_members();
                                                 ^~~~~~~~~~~~~~~~
                                                 group_member
/home/vldb/git/mysql-57-nvdimm-caching/rapid/plugin/group_replication/src/gcs_event_handlers.cc:1459:11: error: ‘get_allow_local_lower_version_join’ was not declared in this scope
       if (get_allow_local_lower_version_join())
           ^~~~~~~~~~~~~~~~~~~~~~~~~~~~~~~~~~
/home/vldb/git/mysql-57-nvdimm-caching/rapid/plugin/group_replication/src/gcs_event_handlers.cc: In member function ‘int Plugin_gcs_events_handler::compare_member_transaction_sets() const’:
/home/vldb/git/mysql-57-nvdimm-caching/rapid/plugin/group_replication/src/gcs_event_handlers.cc:1512:49: error: ‘group_member_mgr’ was not declared in this scope
   std::vector<Group_member_info*> *all_members= group_member_mgr->get_all_members();
                                                 ^~~~~~~~~~~~~~~~
/home/vldb/git/mysql-57-nvdimm-caching/rapid/plugin/group_replication/src/gcs_event_handlers.cc:1512:49: note: suggested alternative: ‘group_member’
   std::vector<Group_member_info*> *all_members= group_member_mgr->get_all_members();
                                                 ^~~~~~~~~~~~~~~~
                                                 group_member
/home/vldb/git/mysql-57-nvdimm-caching/rapid/plugin/group_replication/src/gcs_event_handlers.cc:1521:13: error: ‘local_member_info’ was not declared in this scope
             local_member_info->get_gcs_member_id())
             ^~~~~~~~~~~~~~~~~
/home/vldb/git/mysql-57-nvdimm-caching/rapid/plugin/group_replication/src/gcs_event_handlers.cc:1521:13: note: suggested alternative: ‘local_member_set’
             local_member_info->get_gcs_member_id())
             ^~~~~~~~~~~~~~~~~
             local_member_set
/home/vldb/git/mysql-57-nvdimm-caching/rapid/plugin/group_replication/src/gcs_event_handlers.cc: In member function ‘void Plugin_gcs_events_handler::collect_members_executed_sets(const std::vector<Gcs_member_identifier>&, View_change_packet*) const’:
/home/vldb/git/mysql-57-nvdimm-caching/rapid/plugin/group_replication/src/gcs_event_handlers.cc:1599:49: error: ‘group_member_mgr’ was not declared in this scope
   std::vector<Group_member_info*> *all_members= group_member_mgr->get_all_members();
                                                 ^~~~~~~~~~~~~~~~
/home/vldb/git/mysql-57-nvdimm-caching/rapid/plugin/group_replication/src/gcs_event_handlers.cc:1599:49: note: suggested alternative: ‘group_member’
   std::vector<Group_member_info*> *all_members= group_member_mgr->get_all_members();
                                                 ^~~~~~~~~~~~~~~~
                                                 group_member
/home/vldb/git/mysql-57-nvdimm-caching/rapid/plugin/group_replication/src/gcs_event_handlers.cc: In member function ‘int Plugin_gcs_events_handler::compare_member_option_compatibility() const’:
/home/vldb/git/mysql-57-nvdimm-caching/rapid/plugin/group_replication/src/gcs_event_handlers.cc:1632:49: error: ‘group_member_mgr’ was not declared in this scope
   std::vector<Group_member_info*> *all_members= group_member_mgr->get_all_members();
                                                 ^~~~~~~~~~~~~~~~
/home/vldb/git/mysql-57-nvdimm-caching/rapid/plugin/group_replication/src/gcs_event_handlers.cc:1632:49: note: suggested alternative: ‘group_member’
   std::vector<Group_member_info*> *all_members= group_member_mgr->get_all_members();
                                                 ^~~~~~~~~~~~~~~~
                                                 group_member
/home/vldb/git/mysql-57-nvdimm-caching/rapid/plugin/group_replication/src/gcs_event_handlers.cc:1638:9: error: ‘local_member_info’ was not declared in this scope
     if (local_member_info->get_gtid_assignment_block_size() !=
         ^~~~~~~~~~~~~~~~~
/home/vldb/git/mysql-57-nvdimm-caching/rapid/plugin/group_replication/src/gcs_event_handlers.cc:1638:9: note: suggested alternative: ‘Group_member_info’
     if (local_member_info->get_gtid_assignment_block_size() !=
         ^~~~~~~~~~~~~~~~~
         Group_member_info
/home/vldb/git/mysql-57-nvdimm-caching/rapid/plugin/group_replication/src/gcs_event_handlers.cc:1652:9: error: ‘local_member_info’ was not declared in this scope
     if (local_member_info->get_write_set_extraction_algorithm() !=
         ^~~~~~~~~~~~~~~~~
/home/vldb/git/mysql-57-nvdimm-caching/rapid/plugin/group_replication/src/gcs_event_handlers.cc:1652:9: note: suggested alternative: ‘Group_member_info’
     if (local_member_info->get_write_set_extraction_algorithm() !=
         ^~~~~~~~~~~~~~~~~
         Group_member_info
/home/vldb/git/mysql-57-nvdimm-caching/rapid/plugin/group_replication/src/gcs_event_handlers.cc:1668:9: error: ‘local_member_info’ was not declared in this scope
     if (local_member_info->get_configuration_flags() !=
         ^~~~~~~~~~~~~~~~~
/home/vldb/git/mysql-57-nvdimm-caching/rapid/plugin/group_replication/src/gcs_event_handlers.cc:1668:9: note: suggested alternative: ‘Group_member_info’
     if (local_member_info->get_configuration_flags() !=
         ^~~~~~~~~~~~~~~~~
         Group_member_info
/home/vldb/git/mysql-57-nvdimm-caching/rapid/plugin/group_replication/src/gcs_event_handlers.cc:1689:9: error: ‘local_member_info’ was not declared in this scope
         local_member_info->get_lower_case_table_names() !=
         ^~~~~~~~~~~~~~~~~
/home/vldb/git/mysql-57-nvdimm-caching/rapid/plugin/group_replication/src/gcs_event_handlers.cc:1689:9: note: suggested alternative: ‘Group_member_info’
         local_member_info->get_lower_case_table_names() !=
         ^~~~~~~~~~~~~~~~~
         Group_member_info
/home/vldb/git/mysql-57-nvdimm-caching/rapid/plugin/group_replication/src/gcs_event_handlers.cc: In member function ‘void Plugin_gcs_events_handler::leave_group_on_error() const’:
/home/vldb/git/mysql-57-nvdimm-caching/rapid/plugin/group_replication/src/gcs_event_handlers.cc:1719:3: error: ‘Gcs_operations’ has not been declared
   Gcs_operations::enum_leave_state state= gcs_module->leave();
   ^~~~~~~~~~~~~~
/home/vldb/git/mysql-57-nvdimm-caching/rapid/plugin/group_replication/src/gcs_event_handlers.cc:1732:11: error: ‘state’ was not declared in this scope
   switch (state)
           ^~~~~
/home/vldb/git/mysql-57-nvdimm-caching/rapid/plugin/group_replication/src/gcs_event_handlers.cc:1732:11: note: suggested alternative: ‘stat’
   switch (state)
           ^~~~~
           stat
/home/vldb/git/mysql-57-nvdimm-caching/rapid/plugin/group_replication/src/gcs_event_handlers.cc:1734:10: error: ‘Gcs_operations’ has not been declared
     case Gcs_operations::ERROR_WHEN_LEAVING:
          ^~~~~~~~~~~~~~
/home/vldb/git/mysql-57-nvdimm-caching/rapid/plugin/group_replication/src/gcs_event_handlers.cc:1741:10: error: ‘Gcs_operations’ has not been declared
     case Gcs_operations::ALREADY_LEAVING:
          ^~~~~~~~~~~~~~
/home/vldb/git/mysql-57-nvdimm-caching/rapid/plugin/group_replication/src/gcs_event_handlers.cc:1746:10: error: ‘Gcs_operations’ has not been declared
     case Gcs_operations::ALREADY_LEFT:
          ^~~~~~~~~~~~~~
/home/vldb/git/mysql-57-nvdimm-caching/rapid/plugin/group_replication/src/gcs_event_handlers.cc:1751:10: error: ‘Gcs_operations’ has not been declared
     case Gcs_operations::NOW_LEAVING:
          ^~~~~~~~~~~~~~
rapid/plugin/group_replication/CMakeFiles/group_replication.dir/build.make:829: recipe for target 'rapid/plugin/group_replication/CMakeFiles/group_replication.dir/src/gcs_event_handlers.cc.o' failed
make[2]: *** [rapid/plugin/group_replication/CMakeFiles/group_replication.dir/src/gcs_event_handlers.cc.o] Error 1
CMakeFiles/Makefile2:5464: recipe for target 'rapid/plugin/group_replication/CMakeFiles/group_replication.dir/all' failed
make[1]: *** [rapid/plugin/group_replication/CMakeFiles/group_replication.dir/all] Error 2
Makefile:181: recipe for target 'all' failed
make: *** [all] Error 2
[  0%] Built target abi_check
[  0%] Built target INFO_BIN
[  0%] Built target INFO_SRC
[  0%] Built target zlib
[  1%] Built target yassl
[  2%] Built target taocrypt
[  4%] Built target edit
[  6%] Built target strings
[  6%] Built target gen_dtrace_header
[ 11%] Built target mysys
[ 11%] Built target dbug
[ 11%] Built target vio
[ 11%] Built target regex
[ 11%] Built target re
[ 11%] Built target thr_lock
[ 11%] Built target queues
[ 11%] Built target base64_test
[ 11%] Built target mysys_ssl
[ 11%] Built target comp_err
[ 11%] Built target GenError
[ 12%] Built target clientlib
[ 12%] Built target mysqlclient
[ 12%] Built target libmysql
[ 12%] Built target libmysql_api_test
[ 12%] Built target binlogevents_static
[ 12%] Built target binlogstandalone_shared
[ 13%] Built target binlogstandalone_static
[ 13%] Built target archive_embedded
[ 13%] Built target archive
[ 13%] Built target blackhole_embedded
[ 13%] Built target blackhole
[ 13%] Built target csv
[ 14%] Built target csv_embedded
[ 15%] Built target mysqlservices
[ 15%] Built target example
[ 15%] Built target federated_embedded
[ 15%] Built target federated
[ 16%] Built target heap_embedded
[ 16%] Built target hp_test2
[ 17%] Built target heap
[ 17%] Built target hp_test1
[ 17%] Built target lz4_lib
[ 24%] Built target innobase
[ 26%] Built target myisam
[ 29%] Built target myisam_embedded
[ 29%] Built target myisamchk
[ 29%] Built target myisamlog
[ 29%] Built target myisam_ftdump
[ 30%] Built target myisampack
[ 31%] Built target myisammrg_embedded
[ 32%] Built target myisammrg
[ 32%] Built target partition
[ 32%] Built target partition_embedded
[ 38%] Built target perfschema
[ 39%] Built target mytap
[ 39%] Built target pfs_server_stubs
[ 39%] Built target pfs_instr-t
[ 39%] Built target pfs_account-oom-t
[ 39%] Built target pfs_misc-t
[ 39%] Built target pfs_instr_class-oom-t
[ 39%] Built target pfs-t
[ 40%] Built target pfs_instr_class-t
[ 40%] Built target pfs_noop-t
[ 40%] Built target pfs_host-oom-t
[ 40%] Built target pfs_user-oom-t
[ 40%] Built target pfs_instr-oom-t
[ 40%] Built target rpl
[ 40%] Built target ngram_parser
[ 40%] Built target comp_sql
[ 40%] Built target GenBootstrapPriv
[ 40%] Built target gen_lex_hash
[ 40%] Built target GenServerSource
[ 40%] Built target gen_lex_token
[ 40%] Built target GenDigestServerSource
[ 41%] Built target GenSysSchema
[ 52%] Built target sql
[ 53%] Built target slave
[ 53%] Built target master
[ 54%] Built target binlog
[ 54%] Built target pfs_connect_attr-t
[ 54%] Built target test_security_context
[ 54%] Built target audit_null
[ 54%] Built target auth_socket
[ 54%] Built target auth
[ 54%] Built target qa_auth_server
[ 55%] Built target qa_auth_interface
[ 55%] Built target qa_auth_client
[ 55%] Built target auth_test_plugin
[ 56%] Built target mysql_no_login
[ 56%] Built target connection_control
[ 56%] Built target daemon_example
[ 56%] Built target ftexample
[ 56%] Built target keyring_file
[ 56%] Built target validate_password
[ 56%] Built target replication_observers_example
[ 56%] Built target rewrite_example
[ 56%] Built target rewriter
[ 57%] Built target semisync_slave
[ 57%] Built target semisync_master
[ 57%] Built target test_sql_errors
[ 58%] Built target test_sql_replication
[ 58%] Built target test_session_detach
[ 58%] Built target test_sql_complex
[ 59%] Built target test_session_in_thd
[ 59%] Built target test_x_sessions_deinit
[ 59%] Built target test_session_info
[ 59%] Built target test_sql_processlist
[ 59%] Built target test_x_sessions_init
[ 59%] Built target test_sql_2_sessions
[ 59%] Built target test_sql_cmds_1
[ 59%] Built target test_sql_sqlmode
[ 59%] Built target test_sql_views_triggers
[ 59%] Built target test_sql_shutdown
[ 59%] Built target test_sql_stored_procedures_functions
[ 59%] Built target test_sql_all_col_types
[ 59%] Built target test_sql_commit
[ 59%] Built target test_sql_lock
[ 59%] Built target test_services
[ 59%] Built target test_framework
[ 59%] Built target test_services_thread
[ 59%] Built target test_udf_services
[ 59%] Built target version_token
[ 60%] Built target gr_unit_test_resource
[ 60%] Building CXX object rapid/plugin/group_replication/CMakeFiles/group_replication.dir/src/applier.cc.o
/home/vldb/git/mysql-57-nvdimm-caching/rapid/plugin/group_replication/src/applier.cc: In member function ‘virtual int Applier_module::purge_applier_queue_and_restart_applier_module()’:
/home/vldb/git/mysql-57-nvdimm-caching/rapid/plugin/group_replication/src/applier.cc:114:3: error: ‘channel_observation_manager’ was not declared in this scope
   channel_observation_manager->unregister_channel_observer(applier_channel_observer);
   ^~~~~~~~~~~~~~~~~~~~~~~~~~~
/home/vldb/git/mysql-57-nvdimm-caching/rapid/plugin/group_replication/src/applier.cc:114:3: note: suggested alternative: ‘Channel_observation_manager’
   channel_observation_manager->unregister_channel_observer(applier_channel_observer);
   ^~~~~~~~~~~~~~~~~~~~~~~~~~~
   Channel_observation_manager
/home/vldb/git/mysql-57-nvdimm-caching/rapid/plugin/group_replication/src/applier.cc: In member function ‘int Applier_module::applier_thread_handle()’:
/home/vldb/git/mysql-57-nvdimm-caching/rapid/plugin/group_replication/src/applier.cc:391:3: error: ‘channel_observation_manager’ was not declared in this scope
   channel_observation_manager
   ^~~~~~~~~~~~~~~~~~~~~~~~~~~
/home/vldb/git/mysql-57-nvdimm-caching/rapid/plugin/group_replication/src/applier.cc:391:3: note: suggested alternative: ‘Channel_observation_manager’
   channel_observation_manager
   ^~~~~~~~~~~~~~~~~~~~~~~~~~~
   Channel_observation_manager
/home/vldb/git/mysql-57-nvdimm-caching/rapid/plugin/group_replication/src/applier.cc:478:3: error: ‘Gcs_interface_factory’ has not been declared
   Gcs_interface_factory::cleanup(Gcs_operations::get_gcs_engine());
   ^~~~~~~~~~~~~~~~~~~~~
/home/vldb/git/mysql-57-nvdimm-caching/rapid/plugin/group_replication/src/applier.cc:478:34: error: ‘Gcs_operations’ has not been declared
   Gcs_interface_factory::cleanup(Gcs_operations::get_gcs_engine());
                                  ^~~~~~~~~~~~~~
/home/vldb/git/mysql-57-nvdimm-caching/rapid/plugin/group_replication/src/applier.cc: In member function ‘void Applier_module::leave_group_on_failure()’:
/home/vldb/git/mysql-57-nvdimm-caching/rapid/plugin/group_replication/src/applier.cc:682:3: error: ‘group_member_mgr’ was not declared in this scope
   group_member_mgr->update_member_status(local_member_info->get_uuid(),
   ^~~~~~~~~~~~~~~~
/home/vldb/git/mysql-57-nvdimm-caching/rapid/plugin/group_replication/src/applier.cc:682:3: note: suggested alternative: ‘group_member’
   group_member_mgr->update_member_status(local_member_info->get_uuid(),
   ^~~~~~~~~~~~~~~~
   group_member
/home/vldb/git/mysql-57-nvdimm-caching/rapid/plugin/group_replication/src/applier.cc:682:42: error: ‘local_member_info’ was not declared in this scope
   group_member_mgr->update_member_status(local_member_info->get_uuid(),
                                          ^~~~~~~~~~~~~~~~~
/home/vldb/git/mysql-57-nvdimm-caching/rapid/plugin/group_replication/src/applier.cc:682:42: note: suggested alternative: ‘Group_member_info’
   group_member_mgr->update_member_status(local_member_info->get_uuid(),
                                          ^~~~~~~~~~~~~~~~~
                                          Group_member_info
/home/vldb/git/mysql-57-nvdimm-caching/rapid/plugin/group_replication/src/applier.cc:686:7: error: ‘view_change_notifier’ was not declared in this scope
   if (view_change_notifier != NULL &&
       ^~~~~~~~~~~~~~~~~~~~
/home/vldb/git/mysql-57-nvdimm-caching/rapid/plugin/group_replication/src/applier.cc:686:7: note: suggested alternative: ‘View_change_packet’
   if (view_change_notifier != NULL &&
       ^~~~~~~~~~~~~~~~~~~~
       View_change_packet
/home/vldb/git/mysql-57-nvdimm-caching/rapid/plugin/group_replication/src/applier.cc:691:3: error: ‘Gcs_operations’ has not been declared
   Gcs_operations::enum_leave_state state= gcs_module->leave();
   ^~~~~~~~~~~~~~
/home/vldb/git/mysql-57-nvdimm-caching/rapid/plugin/group_replication/src/applier.cc:705:11: error: ‘state’ was not declared in this scope
   switch (state)
           ^~~~~
/home/vldb/git/mysql-57-nvdimm-caching/rapid/plugin/group_replication/src/applier.cc:705:11: note: suggested alternative: ‘stat’
   switch (state)
           ^~~~~
           stat
/home/vldb/git/mysql-57-nvdimm-caching/rapid/plugin/group_replication/src/applier.cc:707:10: error: ‘Gcs_operations’ has not been declared
     case Gcs_operations::ERROR_WHEN_LEAVING:
          ^~~~~~~~~~~~~~
/home/vldb/git/mysql-57-nvdimm-caching/rapid/plugin/group_replication/src/applier.cc:712:10: error: ‘Gcs_operations’ has not been declared
     case Gcs_operations::ALREADY_LEAVING:
          ^~~~~~~~~~~~~~
/home/vldb/git/mysql-57-nvdimm-caching/rapid/plugin/group_replication/src/applier.cc:715:10: error: ‘Gcs_operations’ has not been declared
     case Gcs_operations::ALREADY_LEFT:
          ^~~~~~~~~~~~~~
/home/vldb/git/mysql-57-nvdimm-caching/rapid/plugin/group_replication/src/applier.cc:718:10: error: ‘Gcs_operations’ has not been declared
     case Gcs_operations::NOW_LEAVING:
          ^~~~~~~~~~~~~~
/home/vldb/git/mysql-57-nvdimm-caching/rapid/plugin/group_replication/src/applier.cc: In member function ‘virtual void Applier_module::kill_pending_transactions(bool, bool)’:
/home/vldb/git/mysql-57-nvdimm-caching/rapid/plugin/group_replication/src/applier.cc:740:3: error: ‘blocked_transaction_handler’ was not declared in this scope
   blocked_transaction_handler->unblock_waiting_transactions();
   ^~~~~~~~~~~~~~~~~~~~~~~~~~~
/home/vldb/git/mysql-57-nvdimm-caching/rapid/plugin/group_replication/src/applier.cc:740:3: note: suggested alternative: ‘Blocked_transaction_handler’
   blocked_transaction_handler->unblock_waiting_transactions();
   ^~~~~~~~~~~~~~~~~~~~~~~~~~~
   Blocked_transaction_handler
/home/vldb/git/mysql-57-nvdimm-caching/rapid/plugin/group_replication/src/applier.cc:748:31: error: ‘PSESSION_INIT_THREAD’ was not declared in this scope
       enable_server_read_mode(PSESSION_INIT_THREAD);
                               ^~~~~~~~~~~~~~~~~~~~
/home/vldb/git/mysql-57-nvdimm-caching/rapid/plugin/group_replication/src/applier.cc:748:31: note: suggested alternative: ‘TEST_MIT_THREAD’
       enable_server_read_mode(PSESSION_INIT_THREAD);
                               ^~~~~~~~~~~~~~~~~~~~
                               TEST_MIT_THREAD
/home/vldb/git/mysql-57-nvdimm-caching/rapid/plugin/group_replication/src/applier.cc:748:7: error: ‘enable_server_read_mode’ was not declared in this scope
       enable_server_read_mode(PSESSION_INIT_THREAD);
       ^~~~~~~~~~~~~~~~~~~~~~~
/home/vldb/git/mysql-57-nvdimm-caching/rapid/plugin/group_replication/src/applier.cc:748:7: note: suggested alternative: ‘enum_ha_read_modes’
       enable_server_read_mode(PSESSION_INIT_THREAD);
       ^~~~~~~~~~~~~~~~~~~~~~~
       enum_ha_read_modes
/home/vldb/git/mysql-57-nvdimm-caching/rapid/plugin/group_replication/src/applier.cc:750:31: error: ‘PSESSION_USE_THREAD’ was not declared in this scope
       enable_server_read_mode(PSESSION_USE_THREAD);
                               ^~~~~~~~~~~~~~~~~~~
/home/vldb/git/mysql-57-nvdimm-caching/rapid/plugin/group_replication/src/applier.cc:750:31: note: suggested alternative: ‘CLONE_THREAD’
       enable_server_read_mode(PSESSION_USE_THREAD);
                               ^~~~~~~~~~~~~~~~~~~
                               CLONE_THREAD
/home/vldb/git/mysql-57-nvdimm-caching/rapid/plugin/group_replication/src/applier.cc:750:7: error: ‘enable_server_read_mode’ was not declared in this scope
       enable_server_read_mode(PSESSION_USE_THREAD);
       ^~~~~~~~~~~~~~~~~~~~~~~
/home/vldb/git/mysql-57-nvdimm-caching/rapid/plugin/group_replication/src/applier.cc:750:7: note: suggested alternative: ‘enum_ha_read_modes’
       enable_server_read_mode(PSESSION_USE_THREAD);
       ^~~~~~~~~~~~~~~~~~~~~~~
       enum_ha_read_modes
/home/vldb/git/mysql-57-nvdimm-caching/rapid/plugin/group_replication/src/applier.cc:753:7: error: ‘view_change_notifier’ was not declared in this scope
   if (view_change_notifier != NULL)
       ^~~~~~~~~~~~~~~~~~~~
/home/vldb/git/mysql-57-nvdimm-caching/rapid/plugin/group_replication/src/applier.cc:753:7: note: suggested alternative: ‘View_change_packet’
   if (view_change_notifier != NULL)
       ^~~~~~~~~~~~~~~~~~~~
       View_change_packet
/home/vldb/git/mysql-57-nvdimm-caching/rapid/plugin/group_replication/src/applier.cc:772:7: error: ‘exit_state_action_var’ was not declared in this scope
       exit_state_action_var == EXIT_STATE_ACTION_ABORT_SERVER)
       ^~~~~~~~~~~~~~~~~~~~~
/home/vldb/git/mysql-57-nvdimm-caching/rapid/plugin/group_replication/src/applier.cc:772:32: error: ‘EXIT_STATE_ACTION_ABORT_SERVER’ was not declared in this scope
       exit_state_action_var == EXIT_STATE_ACTION_ABORT_SERVER)
                                ^~~~~~~~~~~~~~~~~~~~~~~~~~~~~~
/home/vldb/git/mysql-57-nvdimm-caching/rapid/plugin/group_replication/src/applier.cc: In member function ‘int Applier_module::check_single_primary_queue_status()’:
/home/vldb/git/mysql-57-nvdimm-caching/rapid/plugin/group_replication/src/applier.cc:966:7: error: ‘local_member_info’ was not declared in this scope
       local_member_info->in_primary_mode() &&
       ^~~~~~~~~~~~~~~~~
/home/vldb/git/mysql-57-nvdimm-caching/rapid/plugin/group_replication/src/applier.cc:966:7: note: suggested alternative: ‘Group_member_info’
       local_member_info->in_primary_mode() &&
       ^~~~~~~~~~~~~~~~~
       Group_member_info
/home/vldb/git/mysql-57-nvdimm-caching/rapid/plugin/group_replication/src/applier.cc:972:9: error: ‘gcs_module’ was not declared in this scope
     if (gcs_module->send_message(single_primary_message))
         ^~~~~~~~~~
/home/vldb/git/mysql-57-nvdimm-caching/rapid/plugin/group_replication/src/applier.cc:972:9: note: suggested alternative: ‘old_mode’
     if (gcs_module->send_message(single_primary_message))
         ^~~~~~~~~~
         old_mode
rapid/plugin/group_replication/CMakeFiles/group_replication.dir/build.make:764: recipe for target 'rapid/plugin/group_replication/CMakeFiles/group_replication.dir/src/applier.cc.o' failed
make[2]: *** [rapid/plugin/group_replication/CMakeFiles/group_replication.dir/src/applier.cc.o] Error 1
CMakeFiles/Makefile2:5464: recipe for target 'rapid/plugin/group_replication/CMakeFiles/group_replication.dir/all' failed
make[1]: *** [rapid/plugin/group_replication/CMakeFiles/group_replication.dir/all] Error 2
Makefile:181: recipe for target 'all' failed
make: *** [all] Error 2
